2018-07-17 09:58:50.804 [HikariPool-1 housekeeper] WARN  com.zaxxer.hikari.pool.HikariPool -
                HikariPool-1 - Thread starvation or clock leap detected (housekeeper delta=1m15s467ms319µs439ns).
2018-07-17 10:05:33.093 [main] WARN  org.springframework.boot.autoconfigure.orm.jpa.JpaBaseConfiguration$JpaWebConfiguration$JpaWebMvcConfiguration -
                spring.jpa.open-in-view is enabled by default. Therefore, database queries may be performed during view rendering. Explicitly configure spring.jpa.open-in-view to disable this warning
2018-07-17 10:05:33.345 [main] WARN  org.thymeleaf.templatemode.TemplateMode -
                [THYMELEAF][main] Template Mode 'HTML5' is deprecated. Using Template Mode 'HTML' instead.
2018-07-17 10:06:42.044 [main] WARN  org.springframework.boot.autoconfigure.orm.jpa.JpaBaseConfiguration$JpaWebConfiguration$JpaWebMvcConfiguration -
                spring.jpa.open-in-view is enabled by default. Therefore, database queries may be performed during view rendering. Explicitly configure spring.jpa.open-in-view to disable this warning
2018-07-17 10:06:42.197 [main] WARN  org.thymeleaf.templatemode.TemplateMode -
                [THYMELEAF][main] Template Mode 'HTML5' is deprecated. Using Template Mode 'HTML' instead.
2018-07-17 10:42:16.863 [main] WARN  org.springframework.boot.autoconfigure.orm.jpa.JpaBaseConfiguration$JpaWebConfiguration$JpaWebMvcConfiguration -
                spring.jpa.open-in-view is enabled by default. Therefore, database queries may be performed during view rendering. Explicitly configure spring.jpa.open-in-view to disable this warning
2018-07-17 10:42:17.024 [main] WARN  org.thymeleaf.templatemode.TemplateMode -
                [THYMELEAF][main] Template Mode 'HTML5' is deprecated. Using Template Mode 'HTML' instead.
2018-07-17 10:43:12.573 [HikariPool-1 housekeeper] WARN  com.zaxxer.hikari.pool.HikariPool -
                HikariPool-1 - Thread starvation or clock leap detected (housekeeper delta=57s989ms134µs442ns).
2018-07-17 10:45:44.199 [HikariPool-1 housekeeper] WARN  com.zaxxer.hikari.pool.HikariPool -
                HikariPool-1 - Thread starvation or clock leap detected (housekeeper delta=2m31s616ms832µs826ns).
2018-07-17 10:46:21.386 [main] WARN  org.springframework.boot.autoconfigure.orm.jpa.JpaBaseConfiguration$JpaWebConfiguration$JpaWebMvcConfiguration -
                spring.jpa.open-in-view is enabled by default. Therefore, database queries may be performed during view rendering. Explicitly configure spring.jpa.open-in-view to disable this warning
2018-07-17 10:46:21.641 [main] WARN  org.thymeleaf.templatemode.TemplateMode -
                [THYMELEAF][main] Template Mode 'HTML5' is deprecated. Using Template Mode 'HTML' instead.
2018-07-17 10:51:55.953 [HikariPool-1 housekeeper] WARN  com.zaxxer.hikari.pool.HikariPool -
                HikariPool-1 - Thread starvation or clock leap detected (housekeeper delta=5m36s362ms979µs663ns).
2018-07-17 10:53:40.483 [HikariPool-1 housekeeper] WARN  com.zaxxer.hikari.pool.HikariPool -
                HikariPool-1 - Thread starvation or clock leap detected (housekeeper delta=1m3s293ms127µs258ns).
2018-07-17 10:53:51.029 [main] WARN  org.springframework.boot.autoconfigure.orm.jpa.JpaBaseConfiguration$JpaWebConfiguration$JpaWebMvcConfiguration -
                spring.jpa.open-in-view is enabled by default. Therefore, database queries may be performed during view rendering. Explicitly configure spring.jpa.open-in-view to disable this warning
2018-07-17 10:53:51.208 [main] WARN  org.thymeleaf.templatemode.TemplateMode -
                [THYMELEAF][main] Template Mode 'HTML5' is deprecated. Using Template Mode 'HTML' instead.
2018-07-17 10:59:52.381 [HikariPool-1 housekeeper] WARN  com.zaxxer.hikari.pool.HikariPool -
                HikariPool-1 - Thread starvation or clock leap detected (housekeeper delta=5m33s582ms424µs48ns).
2018-07-17 11:09:04.406 [HikariPool-1 housekeeper] WARN  com.zaxxer.hikari.pool.HikariPool -
                HikariPool-1 - Thread starvation or clock leap detected (housekeeper delta=9m11s991ms633µs981ns).
2018-07-17 11:09:19.189 [main] WARN  org.springframework.boot.web.servlet.context.AnnotationConfigServletWebServerApplicationContext -
                Exception encountered during context initialization - cancelling refresh attempt: org.springframework.beans.factory.BeanCreationException: Error creating bean with name 'languageInterceptor': Injection of autowired dependencies failed; nested exception is java.lang.IllegalArgumentException: Could not resolve placeholder 'system.langSet' in value "${system.langSet}"
2018-07-17 11:11:31.666 [main] WARN  org.springframework.boot.web.servlet.context.AnnotationConfigServletWebServerApplicationContext -
                Exception encountered during context initialization - cancelling refresh attempt: org.springframework.beans.factory.BeanCreationException: Error creating bean with name 'languageInterceptor': Injection of autowired dependencies failed; nested exception is java.lang.IllegalArgumentException: Could not resolve placeholder 'system.langSet' in value "${system.langSet}"
2018-07-17 11:16:48.967 [main] WARN  org.springframework.boot.web.servlet.context.AnnotationConfigServletWebServerApplicationContext -
                Exception encountered during context initialization - cancelling refresh attempt: org.springframework.beans.factory.BeanCreationException: Error creating bean with name 'languageInterceptor': Injection of autowired dependencies failed; nested exception is java.lang.IllegalArgumentException: Could not resolve placeholder 'system.langSet' in value "${system.langSet}"
2018-07-17 11:17:37.054 [main] WARN  org.springframework.boot.web.servlet.context.AnnotationConfigServletWebServerApplicationContext -
                Exception encountered during context initialization - cancelling refresh attempt: org.springframework.beans.factory.BeanCreationException: Error creating bean with name 'languageInterceptor': Injection of autowired dependencies failed; nested exception is java.lang.IllegalArgumentException: Could not resolve placeholder 'system.list' in value "${system.list}"
2018-07-17 11:19:00.838 [main] WARN  org.springframework.boot.web.servlet.context.AnnotationConfigServletWebServerApplicationContext -
                Exception encountered during context initialization - cancelling refresh attempt: org.springframework.beans.factory.BeanCreationException: Error creating bean with name 'languageInterceptor': Injection of autowired dependencies failed; nested exception is java.lang.IllegalArgumentException: Could not resolve placeholder 'system.list' in value "${system.list}"
2018-07-17 11:28:34.567 [main] WARN  org.springframework.boot.autoconfigure.orm.jpa.JpaBaseConfiguration$JpaWebConfiguration$JpaWebMvcConfiguration -
                spring.jpa.open-in-view is enabled by default. Therefore, database queries may be performed during view rendering. Explicitly configure spring.jpa.open-in-view to disable this warning
2018-07-17 11:28:34.755 [main] WARN  org.thymeleaf.templatemode.TemplateMode -
                [THYMELEAF][main] Template Mode 'HTML5' is deprecated. Using Template Mode 'HTML' instead.
2018-07-17 11:33:21.020 [main] WARN  org.springframework.boot.autoconfigure.orm.jpa.JpaBaseConfiguration$JpaWebConfiguration$JpaWebMvcConfiguration -
                spring.jpa.open-in-view is enabled by default. Therefore, database queries may be performed during view rendering. Explicitly configure spring.jpa.open-in-view to disable this warning
2018-07-17 11:33:21.158 [main] WARN  org.thymeleaf.templatemode.TemplateMode -
                [THYMELEAF][main] Template Mode 'HTML5' is deprecated. Using Template Mode 'HTML' instead.
