2018-07-20 23:37:20.200 [main] INFO  com.yc.carmall.Application -
                Starting Application on HP with PID 39720 (D:\idea-workspaces\carmall\carmall-admin-web\target\classes started by yuechang in D:\idea-workspaces\carmall)
2018-07-20 23:37:20.211 [main] INFO  com.yc.carmall.Application -
                The following profiles are active: dev
2018-07-20 23:37:20.390 [main] INFO  org.springframework.boot.web.servlet.context.AnnotationConfigServletWebServerApplicationContext -
                Refreshing org.springframework.boot.web.servlet.context.AnnotationConfigServletWebServerApplicationContext@17a87e37: startup date [Fri Jul 20 23:37:20 CST 2018]; root of context hierarchy
2018-07-20 23:37:23.234 [main] INFO  org.springframework.data.repository.config.RepositoryConfigurationDelegate -
                Multiple Spring Data modules found, entering strict repository configuration mode!
2018-07-20 23:37:23.347 [main] INFO  org.springframework.data.repository.config.RepositoryConfigurationDelegate -
                Multiple Spring Data modules found, entering strict repository configuration mode!
2018-07-20 23:37:23.413 [main] INFO  org.springframework.data.repository.config.RepositoryConfigurationExtensionSupport -
                Spring Data Redis - Could not safely identify store assignment for repository candidate interface com.yc.carmall.repository.CarRepository.
2018-07-20 23:37:23.415 [main] INFO  org.springframework.data.repository.config.RepositoryConfigurationExtensionSupport -
                Spring Data Redis - Could not safely identify store assignment for repository candidate interface com.yc.carmall.repository.UserRepository.
2018-07-20 23:37:24.040 [main] INFO  org.springframework.context.support.PostProcessorRegistrationDelegate$BeanPostProcessorChecker -
                Bean 'org.springframework.transaction.annotation.ProxyTransactionManagementConfiguration' of type [org.springframework.transaction.annotation.ProxyTransactionManagementConfiguration$$EnhancerBySpringCGLIB$$925ca6e1] is not eligible for getting processed by all BeanPostProcessors (for example: not eligible for auto-proxying)
2018-07-20 23:37:24.571 [main] INFO  org.springframework.boot.web.embedded.tomcat.TomcatWebServer -
                Tomcat initialized with port(s): 8080 (http)
2018-07-20 23:37:24.598 [main] INFO  org.apache.coyote.http11.Http11NioProtocol -
                Initializing ProtocolHandler ["http-nio-8080"]
2018-07-20 23:37:24.623 [main] INFO  org.apache.catalina.core.StandardService -
                Starting service [Tomcat]
2018-07-20 23:37:24.624 [main] INFO  org.apache.catalina.core.StandardEngine -
                Starting Servlet Engine: Apache Tomcat/8.5.31
2018-07-20 23:37:24.638 [localhost-startStop-1] INFO  org.apache.catalina.core.AprLifecycleListener -
                The APR based Apache Tomcat Native library which allows optimal performance in production environments was not found on the java.library.path: [C:\Program Files\Java\jdk1.8.0_171\bin;C:\Windows\Sun\Java\bin;C:\Windows\system32;C:\Windows;C:\Program Files (x86)\Common Files\Oracle\Java\javapath;C:\Program Files\python\Scripts\;C:\Program Files\python\;C:\Program Files\Java\jdk1.8.0_171\bin;C:\Program Files\Java\jdk1.8.0_171\jre\bin;D:\ljj\apache-maven-3.3.9\apache-maven-3.3.9\bin;C:\Program Files (x86)\Intel\iCLS Client\;C:\Program Files\Intel\iCLS Client\;C:\Windows\system32;C:\Windows;C:\Windows\System32\Wbem;C:\Windows\System32\WindowsPowerShell\v1.0\;C:\Program Files (x86)\Intel\Intel(R) Management Engine Components\DAL;C:\Program Files\Intel\Intel(R) Management Engine Components\DAL;C:\Program Files (x86)\Intel\Intel(R) Management Engine Components\IPT;C:\Program Files\Intel\Intel(R) Management Engine Components\IPT;C:\Program Files\Java\jdk1.8.0_171\bin;C:\Program Files\Java\jdk1.8.0_171\jre\bin;C:\Program Files\TortoiseGit\bin;%MAVEN_HOME%\bin;D:\toolsInstall\svn\bin ;D:\toolsInstall\zookeeper\zookeeper-3.4.10/bin; D:\toolsInstall\zookeeper\zookeeper-3.4.10/conf;C:\Program Files\node\;.]
2018-07-20 23:37:24.926 [localhost-startStop-1] INFO  org.apache.catalina.core.ContainerBase.[Tomcat].[localhost].[/] -
                Initializing Spring embedded WebApplicationContext
2018-07-20 23:37:24.926 [localhost-startStop-1] INFO  org.springframework.web.context.ContextLoader -
                Root WebApplicationContext: initialization completed in 4536 ms
2018-07-20 23:37:25.098 [localhost-startStop-1] INFO  org.springframework.boot.web.servlet.ServletRegistrationBean -
                Servlet dispatcherServlet mapped to [/]
2018-07-20 23:37:25.104 [localhost-startStop-1] INFO  org.springframework.boot.web.servlet.FilterRegistrationBean -
                Mapping filter: 'characterEncodingFilter' to: [/*]
2018-07-20 23:37:25.104 [localhost-startStop-1] INFO  org.springframework.boot.web.servlet.FilterRegistrationBean -
                Mapping filter: 'hiddenHttpMethodFilter' to: [/*]
2018-07-20 23:37:25.104 [localhost-startStop-1] INFO  org.springframework.boot.web.servlet.FilterRegistrationBean -
                Mapping filter: 'httpPutFormContentFilter' to: [/*]
2018-07-20 23:37:25.105 [localhost-startStop-1] INFO  org.springframework.boot.web.servlet.FilterRegistrationBean -
                Mapping filter: 'requestContextFilter' to: [/*]
2018-07-20 23:37:25.505 [main] INFO  com.zaxxer.hikari.HikariDataSource -
                HikariPool-1 - Starting...
2018-07-20 23:37:26.586 [main] INFO  com.zaxxer.hikari.HikariDataSource -
                HikariPool-1 - Start completed.
2018-07-20 23:37:26.714 [main] INFO  org.springframework.orm.jpa.LocalContainerEntityManagerFactoryBean -
                Building JPA container EntityManagerFactory for persistence unit 'default'
2018-07-20 23:37:26.751 [main] INFO  org.hibernate.jpa.internal.util.LogHelper -
                HHH000204: Processing PersistenceUnitInfo [
	name: default
	...]
2018-07-20 23:37:26.933 [main] INFO  org.hibernate.Version -
                HHH000412: Hibernate Core {5.2.17.Final}
2018-07-20 23:37:26.935 [main] INFO  org.hibernate.cfg.Environment -
                HHH000206: hibernate.properties not found
2018-07-20 23:37:27.018 [main] INFO  org.hibernate.annotations.common.Version -
                HCANN000001: Hibernate Commons Annotations {5.0.1.Final}
2018-07-20 23:37:27.328 [main] INFO  org.hibernate.dialect.Dialect -
                HHH000400: Using dialect: org.hibernate.dialect.MySQL5InnoDBDialect
2018-07-20 23:37:29.535 [main] INFO  org.springframework.orm.jpa.LocalContainerEntityManagerFactoryBean -
                Initialized JPA EntityManagerFactory for persistence unit 'default'
2018-07-20 23:37:30.261 [main] INFO  org.hibernate.hql.internal.QueryTranslatorFactoryInitiator -
                HHH000397: Using ASTQueryTranslatorFactory
2018-07-20 23:37:30.766 [main] INFO  org.springframework.web.servlet.handler.SimpleUrlHandlerMapping -
                Mapped URL path [/**/favicon.ico] onto handler of type [class org.springframework.web.servlet.resource.ResourceHttpRequestHandler]
2018-07-20 23:37:31.159 [main] INFO  org.springframework.web.servlet.mvc.method.annotation.RequestMappingHandlerAdapter -
                Looking for @ControllerAdvice: org.springframework.boot.web.servlet.context.AnnotationConfigServletWebServerApplicationContext@17a87e37: startup date [Fri Jul 20 23:37:20 CST 2018]; root of context hierarchy
2018-07-20 23:37:31.276 [main] INFO  org.springframework.web.servlet.mvc.method.annotation.RequestMappingHandlerMapping -
                Mapped "{[/],methods=[GET]}" onto public java.lang.String com.yc.carmall.controller.CarController.index(org.springframework.ui.ModelMap)
2018-07-20 23:37:31.277 [main] INFO  org.springframework.web.servlet.mvc.method.annotation.RequestMappingHandlerMapping -
                Mapped "{[/updateCarEntityStatus],methods=[GET]}" onto public java.lang.String com.yc.carmall.controller.CarController.updateCarEntityStatus(java.lang.String,int)
2018-07-20 23:37:31.277 [main] INFO  org.springframework.web.servlet.mvc.method.annotation.RequestMappingHandlerMapping -
                Mapped "{[/addCarEntity],methods=[POST]}" onto public java.lang.String com.yc.carmall.controller.CarController.addCarEntity(com.yc.carmall.entity.CarEntity)
2018-07-20 23:37:31.277 [main] INFO  org.springframework.web.servlet.mvc.method.annotation.RequestMappingHandlerMapping -
                Mapped "{[/helloWorld]}" onto public java.lang.String com.yc.carmall.controller.CarController.helloWorld()
2018-07-20 23:37:31.279 [main] INFO  org.springframework.web.servlet.mvc.method.annotation.RequestMappingHandlerMapping -
                Mapped "{[/user/index],methods=[GET]}" onto public java.lang.String com.yc.carmall.controller.UserController.index(org.springframework.ui.ModelMap)
2018-07-20 23:37:31.279 [main] INFO  org.springframework.web.servlet.mvc.method.annotation.RequestMappingHandlerMapping -
                Mapped "{[/user/test],methods=[GET]}" onto public java.lang.String com.yc.carmall.controller.UserController.test()
2018-07-20 23:37:31.279 [main] INFO  org.springframework.web.servlet.mvc.method.annotation.RequestMappingHandlerMapping -
                Mapped "{[/user/signin],methods=[GET]}" onto public java.lang.String com.yc.carmall.controller.UserController.signin(org.springframework.ui.ModelMap)
2018-07-20 23:37:31.279 [main] INFO  org.springframework.web.servlet.mvc.method.annotation.RequestMappingHandlerMapping -
                Mapped "{[/user/signin],methods=[POST]}" onto public java.lang.String com.yc.carmall.controller.UserController.signin(java.lang.String,java.lang.String,org.springframework.ui.ModelMap)
2018-07-20 23:37:31.280 [main] INFO  org.springframework.web.servlet.mvc.method.annotation.RequestMappingHandlerMapping -
                Mapped "{[/user/signup],methods=[POST]}" onto public java.lang.String com.yc.carmall.controller.UserController.signup(java.lang.String,java.lang.String,java.lang.String,org.springframework.ui.ModelMap)
2018-07-20 23:37:31.280 [main] INFO  org.springframework.web.servlet.mvc.method.annotation.RequestMappingHandlerMapping -
                Mapped "{[/user/signup],methods=[GET]}" onto public java.lang.String com.yc.carmall.controller.UserController.signup()
2018-07-20 23:37:31.280 [main] INFO  org.springframework.web.servlet.mvc.method.annotation.RequestMappingHandlerMapping -
                Mapped "{[/user/checkusername],methods=[GET]}" onto public boolean com.yc.carmall.controller.UserController.checkUsername(java.lang.String)
2018-07-20 23:37:31.282 [main] INFO  org.springframework.web.servlet.mvc.method.annotation.RequestMappingHandlerMapping -
                Mapped "{[/error]}" onto public org.springframework.http.ResponseEntity<java.util.Map<java.lang.String, java.lang.Object>> org.springframework.boot.autoconfigure.web.servlet.error.BasicErrorController.error(javax.servlet.http.HttpServletRequest)
2018-07-20 23:37:31.283 [main] INFO  org.springframework.web.servlet.mvc.method.annotation.RequestMappingHandlerMapping -
                Mapped "{[/error],produces=[text/html]}" onto public org.springframework.web.servlet.ModelAndView org.springframework.boot.autoconfigure.web.servlet.error.BasicErrorController.errorHtml(javax.servlet.http.HttpServletRequest,javax.servlet.http.HttpServletResponse)
2018-07-20 23:37:31.322 [main] INFO  org.springframework.web.servlet.handler.SimpleUrlHandlerMapping -
                Mapped URL path [/webjars/**] onto handler of type [class org.springframework.web.servlet.resource.ResourceHttpRequestHandler]
2018-07-20 23:37:31.323 [main] INFO  org.springframework.web.servlet.handler.SimpleUrlHandlerMapping -
                Mapped URL path [/**] onto handler of type [class org.springframework.web.servlet.resource.ResourceHttpRequestHandler]
2018-07-20 23:37:31.601 [main] INFO  org.springframework.boot.autoconfigure.web.servlet.WelcomePageHandlerMapping -
                Adding welcome page template: index
2018-07-20 23:37:32.870 [main] INFO  org.springframework.jmx.export.annotation.AnnotationMBeanExporter -
                Registering beans for JMX exposure on startup
2018-07-20 23:37:32.874 [main] INFO  org.springframework.jmx.export.annotation.AnnotationMBeanExporter -
                Bean with name 'dataSource' has been autodetected for JMX exposure
2018-07-20 23:37:32.881 [main] INFO  org.springframework.jmx.export.annotation.AnnotationMBeanExporter -
                Located MBean 'dataSource': registering with JMX server as MBean [com.zaxxer.hikari:name=dataSource,type=HikariDataSource]
2018-07-20 23:37:32.913 [main] INFO  org.apache.coyote.http11.Http11NioProtocol -
                Starting ProtocolHandler ["http-nio-8080"]
2018-07-20 23:37:32.926 [main] INFO  org.apache.tomcat.util.net.NioSelectorPool -
                Using a shared selector for servlet write/read
2018-07-20 23:37:32.963 [main] INFO  org.springframework.boot.web.embedded.tomcat.TomcatWebServer -
                Tomcat started on port(s): 8080 (http) with context path ''
2018-07-20 23:37:32.965 [main] INFO  com.yc.carmall.Application -
                Started Application in 15.56 seconds (JVM running for 22.344)
2018-07-20 23:38:09.588 [http-nio-8080-exec-3] INFO  org.apache.catalina.core.ContainerBase.[Tomcat].[localhost].[/] -
                Initializing Spring FrameworkServlet 'dispatcherServlet'
2018-07-20 23:38:09.589 [http-nio-8080-exec-3] INFO  org.springframework.web.servlet.DispatcherServlet -
                FrameworkServlet 'dispatcherServlet': initialization started
2018-07-20 23:38:09.675 [http-nio-8080-exec-3] INFO  org.springframework.web.servlet.DispatcherServlet -
                FrameworkServlet 'dispatcherServlet': initialization completed in 86 ms
2018-07-20 23:38:09.859 [http-nio-8080-exec-3] INFO  com.yc.carmall.interceptor.LanguageInterceptor -
                请求转发,uri:/cn/user/signin,targetUri: /user/signin
2018-07-20 23:38:09.859 [http-nio-8080-exec-4] INFO  com.yc.carmall.interceptor.LanguageInterceptor -
                请求转发,uri:/cn/user/signin,targetUri: /user/signin
2018-07-20 23:38:14.793 [http-nio-8080-exec-7] INFO  com.yc.carmall.interceptor.LanguageInterceptor -
                请求转发,uri:/cn/user/signin,targetUri: /user/signin
2018-07-20 23:38:14.834 [http-nio-8080-exec-2] INFO  com.yc.carmall.interceptor.LanguageInterceptor -
                请求转发,uri:/cn/user/signin,targetUri: /user/signin
2018-07-20 23:39:04.596 [http-nio-8080-exec-10] INFO  com.yc.carmall.interceptor.LanguageInterceptor -
                请求转发,uri:/cn/user/signup,targetUri: /user/signup
2018-07-20 23:41:13.097 [main] INFO  com.yc.carmall.Application -
                Starting Application on HP with PID 40944 (D:\idea-workspaces\carmall\carmall-admin-web\target\classes started by yuechang in D:\idea-workspaces\carmall)
2018-07-20 23:41:13.102 [main] INFO  com.yc.carmall.Application -
                The following profiles are active: dev
2018-07-20 23:41:13.158 [main] INFO  org.springframework.boot.web.servlet.context.AnnotationConfigServletWebServerApplicationContext -
                Refreshing org.springframework.boot.web.servlet.context.AnnotationConfigServletWebServerApplicationContext@1477089c: startup date [Fri Jul 20 23:41:13 CST 2018]; root of context hierarchy
2018-07-20 23:41:13.837 [main] INFO  org.springframework.data.repository.config.RepositoryConfigurationDelegate -
                Multiple Spring Data modules found, entering strict repository configuration mode!
2018-07-20 23:41:13.897 [main] INFO  org.springframework.data.repository.config.RepositoryConfigurationDelegate -
                Multiple Spring Data modules found, entering strict repository configuration mode!
2018-07-20 23:41:13.912 [main] INFO  org.springframework.data.repository.config.RepositoryConfigurationExtensionSupport -
                Spring Data Redis - Could not safely identify store assignment for repository candidate interface com.yc.carmall.repository.CarRepository.
2018-07-20 23:41:13.913 [main] INFO  org.springframework.data.repository.config.RepositoryConfigurationExtensionSupport -
                Spring Data Redis - Could not safely identify store assignment for repository candidate interface com.yc.carmall.repository.UserRepository.
2018-07-20 23:41:14.359 [main] INFO  org.springframework.context.support.PostProcessorRegistrationDelegate$BeanPostProcessorChecker -
                Bean 'org.springframework.transaction.annotation.ProxyTransactionManagementConfiguration' of type [org.springframework.transaction.annotation.ProxyTransactionManagementConfiguration$$EnhancerBySpringCGLIB$$ca8e2c18] is not eligible for getting processed by all BeanPostProcessors (for example: not eligible for auto-proxying)
2018-07-20 23:41:14.648 [main] INFO  org.springframework.boot.web.embedded.tomcat.TomcatWebServer -
                Tomcat initialized with port(s): 8080 (http)
2018-07-20 23:41:14.660 [main] INFO  org.apache.coyote.http11.Http11NioProtocol -
                Initializing ProtocolHandler ["http-nio-8080"]
2018-07-20 23:41:14.670 [main] INFO  org.apache.catalina.core.StandardService -
                Starting service [Tomcat]
2018-07-20 23:41:14.670 [main] INFO  org.apache.catalina.core.StandardEngine -
                Starting Servlet Engine: Apache Tomcat/8.5.31
2018-07-20 23:41:14.675 [localhost-startStop-1] INFO  org.apache.catalina.core.AprLifecycleListener -
                The APR based Apache Tomcat Native library which allows optimal performance in production environments was not found on the java.library.path: [C:\Program Files\Java\jdk1.8.0_171\bin;C:\Windows\Sun\Java\bin;C:\Windows\system32;C:\Windows;C:\Program Files (x86)\Common Files\Oracle\Java\javapath;C:\Program Files\python\Scripts\;C:\Program Files\python\;C:\Program Files\Java\jdk1.8.0_171\bin;C:\Program Files\Java\jdk1.8.0_171\jre\bin;D:\ljj\apache-maven-3.3.9\apache-maven-3.3.9\bin;C:\Program Files (x86)\Intel\iCLS Client\;C:\Program Files\Intel\iCLS Client\;C:\Windows\system32;C:\Windows;C:\Windows\System32\Wbem;C:\Windows\System32\WindowsPowerShell\v1.0\;C:\Program Files (x86)\Intel\Intel(R) Management Engine Components\DAL;C:\Program Files\Intel\Intel(R) Management Engine Components\DAL;C:\Program Files (x86)\Intel\Intel(R) Management Engine Components\IPT;C:\Program Files\Intel\Intel(R) Management Engine Components\IPT;C:\Program Files\Java\jdk1.8.0_171\bin;C:\Program Files\Java\jdk1.8.0_171\jre\bin;C:\Program Files\TortoiseGit\bin;%MAVEN_HOME%\bin;D:\toolsInstall\svn\bin ;D:\toolsInstall\zookeeper\zookeeper-3.4.10/bin; D:\toolsInstall\zookeeper\zookeeper-3.4.10/conf;C:\Program Files\node\;.]
2018-07-20 23:41:14.760 [localhost-startStop-1] INFO  org.apache.catalina.core.ContainerBase.[Tomcat].[localhost].[/] -
                Initializing Spring embedded WebApplicationContext
2018-07-20 23:41:14.760 [localhost-startStop-1] INFO  org.springframework.web.context.ContextLoader -
                Root WebApplicationContext: initialization completed in 1602 ms
2018-07-20 23:41:14.876 [localhost-startStop-1] INFO  org.springframework.boot.web.servlet.ServletRegistrationBean -
                Servlet dispatcherServlet mapped to [/]
2018-07-20 23:41:14.882 [localhost-startStop-1] INFO  org.springframework.boot.web.servlet.FilterRegistrationBean -
                Mapping filter: 'characterEncodingFilter' to: [/*]
2018-07-20 23:41:14.882 [localhost-startStop-1] INFO  org.springframework.boot.web.servlet.FilterRegistrationBean -
                Mapping filter: 'hiddenHttpMethodFilter' to: [/*]
2018-07-20 23:41:14.882 [localhost-startStop-1] INFO  org.springframework.boot.web.servlet.FilterRegistrationBean -
                Mapping filter: 'httpPutFormContentFilter' to: [/*]
2018-07-20 23:41:14.882 [localhost-startStop-1] INFO  org.springframework.boot.web.servlet.FilterRegistrationBean -
                Mapping filter: 'requestContextFilter' to: [/*]
2018-07-20 23:41:15.049 [main] INFO  com.zaxxer.hikari.HikariDataSource -
                HikariPool-1 - Starting...
2018-07-20 23:41:15.413 [main] INFO  com.zaxxer.hikari.HikariDataSource -
                HikariPool-1 - Start completed.
2018-07-20 23:41:15.452 [main] INFO  org.springframework.orm.jpa.LocalContainerEntityManagerFactoryBean -
                Building JPA container EntityManagerFactory for persistence unit 'default'
2018-07-20 23:41:15.470 [main] INFO  org.hibernate.jpa.internal.util.LogHelper -
                HHH000204: Processing PersistenceUnitInfo [
	name: default
	...]
2018-07-20 23:41:15.564 [main] INFO  org.hibernate.Version -
                HHH000412: Hibernate Core {5.2.17.Final}
2018-07-20 23:41:15.565 [main] INFO  org.hibernate.cfg.Environment -
                HHH000206: hibernate.properties not found
2018-07-20 23:41:15.626 [main] INFO  org.hibernate.annotations.common.Version -
                HCANN000001: Hibernate Commons Annotations {5.0.1.Final}
2018-07-20 23:41:15.800 [main] INFO  org.hibernate.dialect.Dialect -
                HHH000400: Using dialect: org.hibernate.dialect.MySQL5InnoDBDialect
2018-07-20 23:41:16.572 [main] INFO  org.springframework.orm.jpa.LocalContainerEntityManagerFactoryBean -
                Initialized JPA EntityManagerFactory for persistence unit 'default'
2018-07-20 23:41:16.884 [main] INFO  org.hibernate.hql.internal.QueryTranslatorFactoryInitiator -
                HHH000397: Using ASTQueryTranslatorFactory
2018-07-20 23:41:17.171 [main] INFO  org.springframework.web.servlet.handler.SimpleUrlHandlerMapping -
                Mapped URL path [/**/favicon.ico] onto handler of type [class org.springframework.web.servlet.resource.ResourceHttpRequestHandler]
2018-07-20 23:41:17.498 [main] INFO  org.springframework.web.servlet.mvc.method.annotation.RequestMappingHandlerAdapter -
                Looking for @ControllerAdvice: org.springframework.boot.web.servlet.context.AnnotationConfigServletWebServerApplicationContext@1477089c: startup date [Fri Jul 20 23:41:13 CST 2018]; root of context hierarchy
2018-07-20 23:41:17.571 [main] INFO  org.springframework.web.servlet.mvc.method.annotation.RequestMappingHandlerMapping -
                Mapped "{[/],methods=[GET]}" onto public java.lang.String com.yc.carmall.controller.CarController.index(org.springframework.ui.ModelMap)
2018-07-20 23:41:17.571 [main] INFO  org.springframework.web.servlet.mvc.method.annotation.RequestMappingHandlerMapping -
                Mapped "{[/updateCarEntityStatus],methods=[GET]}" onto public java.lang.String com.yc.carmall.controller.CarController.updateCarEntityStatus(java.lang.String,int)
2018-07-20 23:41:17.572 [main] INFO  org.springframework.web.servlet.mvc.method.annotation.RequestMappingHandlerMapping -
                Mapped "{[/addCarEntity],methods=[POST]}" onto public java.lang.String com.yc.carmall.controller.CarController.addCarEntity(com.yc.carmall.entity.CarEntity)
2018-07-20 23:41:17.572 [main] INFO  org.springframework.web.servlet.mvc.method.annotation.RequestMappingHandlerMapping -
                Mapped "{[/helloWorld]}" onto public java.lang.String com.yc.carmall.controller.CarController.helloWorld()
2018-07-20 23:41:17.573 [main] INFO  org.springframework.web.servlet.mvc.method.annotation.RequestMappingHandlerMapping -
                Mapped "{[/user/index],methods=[GET]}" onto public java.lang.String com.yc.carmall.controller.UserController.index(org.springframework.ui.ModelMap)
2018-07-20 23:41:17.574 [main] INFO  org.springframework.web.servlet.mvc.method.annotation.RequestMappingHandlerMapping -
                Mapped "{[/user/test],methods=[GET]}" onto public java.lang.String com.yc.carmall.controller.UserController.test()
2018-07-20 23:41:17.574 [main] INFO  org.springframework.web.servlet.mvc.method.annotation.RequestMappingHandlerMapping -
                Mapped "{[/user/signin],methods=[GET]}" onto public java.lang.String com.yc.carmall.controller.UserController.signin(org.springframework.ui.ModelMap)
2018-07-20 23:41:17.574 [main] INFO  org.springframework.web.servlet.mvc.method.annotation.RequestMappingHandlerMapping -
                Mapped "{[/user/signin],methods=[POST]}" onto public java.lang.String com.yc.carmall.controller.UserController.signin(java.lang.String,java.lang.String,org.springframework.ui.ModelMap)
2018-07-20 23:41:17.574 [main] INFO  org.springframework.web.servlet.mvc.method.annotation.RequestMappingHandlerMapping -
                Mapped "{[/user/signup],methods=[POST]}" onto public java.lang.String com.yc.carmall.controller.UserController.signup(java.lang.String,java.lang.String,java.lang.String,org.springframework.ui.ModelMap)
2018-07-20 23:41:17.574 [main] INFO  org.springframework.web.servlet.mvc.method.annotation.RequestMappingHandlerMapping -
                Mapped "{[/user/signup],methods=[GET]}" onto public java.lang.String com.yc.carmall.controller.UserController.signup()
2018-07-20 23:41:17.575 [main] INFO  org.springframework.web.servlet.mvc.method.annotation.RequestMappingHandlerMapping -
                Mapped "{[/user/checkusername],methods=[GET]}" onto public boolean com.yc.carmall.controller.UserController.checkUsername(java.lang.String)
2018-07-20 23:41:17.577 [main] INFO  org.springframework.web.servlet.mvc.method.annotation.RequestMappingHandlerMapping -
                Mapped "{[/error]}" onto public org.springframework.http.ResponseEntity<java.util.Map<java.lang.String, java.lang.Object>> org.springframework.boot.autoconfigure.web.servlet.error.BasicErrorController.error(javax.servlet.http.HttpServletRequest)
2018-07-20 23:41:17.577 [main] INFO  org.springframework.web.servlet.mvc.method.annotation.RequestMappingHandlerMapping -
                Mapped "{[/error],produces=[text/html]}" onto public org.springframework.web.servlet.ModelAndView org.springframework.boot.autoconfigure.web.servlet.error.BasicErrorController.errorHtml(javax.servlet.http.HttpServletRequest,javax.servlet.http.HttpServletResponse)
2018-07-20 23:41:17.610 [main] INFO  org.springframework.web.servlet.handler.SimpleUrlHandlerMapping -
                Mapped URL path [/webjars/**] onto handler of type [class org.springframework.web.servlet.resource.ResourceHttpRequestHandler]
2018-07-20 23:41:17.610 [main] INFO  org.springframework.web.servlet.handler.SimpleUrlHandlerMapping -
                Mapped URL path [/**] onto handler of type [class org.springframework.web.servlet.resource.ResourceHttpRequestHandler]
2018-07-20 23:41:17.736 [main] INFO  org.springframework.boot.autoconfigure.web.servlet.WelcomePageHandlerMapping -
                Adding welcome page template: index
2018-07-20 23:41:18.332 [main] INFO  org.springframework.jmx.export.annotation.AnnotationMBeanExporter -
                Registering beans for JMX exposure on startup
2018-07-20 23:41:18.334 [main] INFO  org.springframework.jmx.export.annotation.AnnotationMBeanExporter -
                Bean with name 'dataSource' has been autodetected for JMX exposure
2018-07-20 23:41:18.342 [main] INFO  org.springframework.jmx.export.annotation.AnnotationMBeanExporter -
                Located MBean 'dataSource': registering with JMX server as MBean [com.zaxxer.hikari:name=dataSource,type=HikariDataSource]
2018-07-20 23:41:18.356 [main] INFO  org.apache.coyote.http11.Http11NioProtocol -
                Starting ProtocolHandler ["http-nio-8080"]
2018-07-20 23:41:18.365 [main] INFO  org.apache.tomcat.util.net.NioSelectorPool -
                Using a shared selector for servlet write/read
2018-07-20 23:41:18.384 [main] INFO  org.springframework.boot.web.embedded.tomcat.TomcatWebServer -
                Tomcat started on port(s): 8080 (http) with context path ''
2018-07-20 23:41:18.387 [main] INFO  com.yc.carmall.Application -
                Started Application in 6.311 seconds (JVM running for 7.347)
2018-07-20 23:41:43.824 [http-nio-8080-exec-1] INFO  org.apache.catalina.core.ContainerBase.[Tomcat].[localhost].[/] -
                Initializing Spring FrameworkServlet 'dispatcherServlet'
2018-07-20 23:41:43.825 [http-nio-8080-exec-1] INFO  org.springframework.web.servlet.DispatcherServlet -
                FrameworkServlet 'dispatcherServlet': initialization started
2018-07-20 23:41:43.849 [http-nio-8080-exec-1] INFO  org.springframework.web.servlet.DispatcherServlet -
                FrameworkServlet 'dispatcherServlet': initialization completed in 24 ms
2018-07-20 23:43:00.174 [main] INFO  com.yc.carmall.Application -
                Starting Application on HP with PID 38892 (D:\idea-workspaces\carmall\carmall-admin-web\target\classes started by yuechang in D:\idea-workspaces\carmall)
2018-07-20 23:43:00.177 [main] INFO  com.yc.carmall.Application -
                The following profiles are active: dev
2018-07-20 23:43:00.226 [main] INFO  org.springframework.boot.web.servlet.context.AnnotationConfigServletWebServerApplicationContext -
                Refreshing org.springframework.boot.web.servlet.context.AnnotationConfigServletWebServerApplicationContext@58fb7731: startup date [Fri Jul 20 23:43:00 CST 2018]; root of context hierarchy
2018-07-20 23:43:00.956 [main] INFO  org.springframework.data.repository.config.RepositoryConfigurationDelegate -
                Multiple Spring Data modules found, entering strict repository configuration mode!
2018-07-20 23:43:01.013 [main] INFO  org.springframework.data.repository.config.RepositoryConfigurationDelegate -
                Multiple Spring Data modules found, entering strict repository configuration mode!
2018-07-20 23:43:01.031 [main] INFO  org.springframework.data.repository.config.RepositoryConfigurationExtensionSupport -
                Spring Data Redis - Could not safely identify store assignment for repository candidate interface com.yc.carmall.repository.CarRepository.
2018-07-20 23:43:01.032 [main] INFO  org.springframework.data.repository.config.RepositoryConfigurationExtensionSupport -
                Spring Data Redis - Could not safely identify store assignment for repository candidate interface com.yc.carmall.repository.UserRepository.
2018-07-20 23:43:01.445 [main] INFO  org.springframework.context.support.PostProcessorRegistrationDelegate$BeanPostProcessorChecker -
                Bean 'org.springframework.transaction.annotation.ProxyTransactionManagementConfiguration' of type [org.springframework.transaction.annotation.ProxyTransactionManagementConfiguration$$EnhancerBySpringCGLIB$$8a230b25] is not eligible for getting processed by all BeanPostProcessors (for example: not eligible for auto-proxying)
2018-07-20 23:43:01.828 [main] INFO  org.springframework.boot.web.embedded.tomcat.TomcatWebServer -
                Tomcat initialized with port(s): 8080 (http)
2018-07-20 23:43:01.845 [main] INFO  org.apache.coyote.http11.Http11NioProtocol -
                Initializing ProtocolHandler ["http-nio-8080"]
2018-07-20 23:43:01.857 [main] INFO  org.apache.catalina.core.StandardService -
                Starting service [Tomcat]
2018-07-20 23:43:01.857 [main] INFO  org.apache.catalina.core.StandardEngine -
                Starting Servlet Engine: Apache Tomcat/8.5.31
2018-07-20 23:43:01.862 [localhost-startStop-1] INFO  org.apache.catalina.core.AprLifecycleListener -
                The APR based Apache Tomcat Native library which allows optimal performance in production environments was not found on the java.library.path: [C:\Program Files\Java\jdk1.8.0_171\bin;C:\Windows\Sun\Java\bin;C:\Windows\system32;C:\Windows;C:\Program Files (x86)\Common Files\Oracle\Java\javapath;C:\Program Files\python\Scripts\;C:\Program Files\python\;C:\Program Files\Java\jdk1.8.0_171\bin;C:\Program Files\Java\jdk1.8.0_171\jre\bin;D:\ljj\apache-maven-3.3.9\apache-maven-3.3.9\bin;C:\Program Files (x86)\Intel\iCLS Client\;C:\Program Files\Intel\iCLS Client\;C:\Windows\system32;C:\Windows;C:\Windows\System32\Wbem;C:\Windows\System32\WindowsPowerShell\v1.0\;C:\Program Files (x86)\Intel\Intel(R) Management Engine Components\DAL;C:\Program Files\Intel\Intel(R) Management Engine Components\DAL;C:\Program Files (x86)\Intel\Intel(R) Management Engine Components\IPT;C:\Program Files\Intel\Intel(R) Management Engine Components\IPT;C:\Program Files\Java\jdk1.8.0_171\bin;C:\Program Files\Java\jdk1.8.0_171\jre\bin;C:\Program Files\TortoiseGit\bin;%MAVEN_HOME%\bin;D:\toolsInstall\svn\bin ;D:\toolsInstall\zookeeper\zookeeper-3.4.10/bin; D:\toolsInstall\zookeeper\zookeeper-3.4.10/conf;C:\Program Files\node\;.]
2018-07-20 23:43:01.959 [localhost-startStop-1] INFO  org.apache.catalina.core.ContainerBase.[Tomcat].[localhost].[/] -
                Initializing Spring embedded WebApplicationContext
2018-07-20 23:43:01.959 [localhost-startStop-1] INFO  org.springframework.web.context.ContextLoader -
                Root WebApplicationContext: initialization completed in 1733 ms
2018-07-20 23:43:02.102 [localhost-startStop-1] INFO  org.springframework.boot.web.servlet.ServletRegistrationBean -
                Servlet dispatcherServlet mapped to [/]
2018-07-20 23:43:02.108 [localhost-startStop-1] INFO  org.springframework.boot.web.servlet.FilterRegistrationBean -
                Mapping filter: 'characterEncodingFilter' to: [/*]
2018-07-20 23:43:02.109 [localhost-startStop-1] INFO  org.springframework.boot.web.servlet.FilterRegistrationBean -
                Mapping filter: 'hiddenHttpMethodFilter' to: [/*]
2018-07-20 23:43:02.109 [localhost-startStop-1] INFO  org.springframework.boot.web.servlet.FilterRegistrationBean -
                Mapping filter: 'httpPutFormContentFilter' to: [/*]
2018-07-20 23:43:02.109 [localhost-startStop-1] INFO  org.springframework.boot.web.servlet.FilterRegistrationBean -
                Mapping filter: 'requestContextFilter' to: [/*]
2018-07-20 23:43:02.266 [main] INFO  com.zaxxer.hikari.HikariDataSource -
                HikariPool-1 - Starting...
2018-07-20 23:43:02.618 [main] INFO  com.zaxxer.hikari.HikariDataSource -
                HikariPool-1 - Start completed.
2018-07-20 23:43:02.689 [main] INFO  org.springframework.orm.jpa.LocalContainerEntityManagerFactoryBean -
                Building JPA container EntityManagerFactory for persistence unit 'default'
2018-07-20 23:43:02.700 [main] INFO  org.hibernate.jpa.internal.util.LogHelper -
                HHH000204: Processing PersistenceUnitInfo [
	name: default
	...]
2018-07-20 23:43:02.781 [main] INFO  org.hibernate.Version -
                HHH000412: Hibernate Core {5.2.17.Final}
2018-07-20 23:43:02.783 [main] INFO  org.hibernate.cfg.Environment -
                HHH000206: hibernate.properties not found
2018-07-20 23:43:02.842 [main] INFO  org.hibernate.annotations.common.Version -
                HCANN000001: Hibernate Commons Annotations {5.0.1.Final}
2018-07-20 23:43:02.978 [main] INFO  org.hibernate.dialect.Dialect -
                HHH000400: Using dialect: org.hibernate.dialect.MySQL5InnoDBDialect
2018-07-20 23:43:03.707 [main] INFO  org.springframework.orm.jpa.LocalContainerEntityManagerFactoryBean -
                Initialized JPA EntityManagerFactory for persistence unit 'default'
2018-07-20 23:43:04.081 [main] INFO  org.hibernate.hql.internal.QueryTranslatorFactoryInitiator -
                HHH000397: Using ASTQueryTranslatorFactory
2018-07-20 23:43:04.367 [main] INFO  org.springframework.web.servlet.handler.SimpleUrlHandlerMapping -
                Mapped URL path [/**/favicon.ico] onto handler of type [class org.springframework.web.servlet.resource.ResourceHttpRequestHandler]
2018-07-20 23:43:04.667 [main] INFO  org.springframework.web.servlet.mvc.method.annotation.RequestMappingHandlerAdapter -
                Looking for @ControllerAdvice: org.springframework.boot.web.servlet.context.AnnotationConfigServletWebServerApplicationContext@58fb7731: startup date [Fri Jul 20 23:43:00 CST 2018]; root of context hierarchy
2018-07-20 23:43:04.742 [main] INFO  org.springframework.web.servlet.mvc.method.annotation.RequestMappingHandlerMapping -
                Mapped "{[/],methods=[GET]}" onto public java.lang.String com.yc.carmall.controller.CarController.index(org.springframework.ui.ModelMap)
2018-07-20 23:43:04.743 [main] INFO  org.springframework.web.servlet.mvc.method.annotation.RequestMappingHandlerMapping -
                Mapped "{[/helloWorld]}" onto public java.lang.String com.yc.carmall.controller.CarController.helloWorld()
2018-07-20 23:43:04.743 [main] INFO  org.springframework.web.servlet.mvc.method.annotation.RequestMappingHandlerMapping -
                Mapped "{[/addCarEntity],methods=[POST]}" onto public java.lang.String com.yc.carmall.controller.CarController.addCarEntity(com.yc.carmall.entity.CarEntity)
2018-07-20 23:43:04.743 [main] INFO  org.springframework.web.servlet.mvc.method.annotation.RequestMappingHandlerMapping -
                Mapped "{[/updateCarEntityStatus],methods=[GET]}" onto public java.lang.String com.yc.carmall.controller.CarController.updateCarEntityStatus(java.lang.String,int)
2018-07-20 23:43:04.745 [main] INFO  org.springframework.web.servlet.mvc.method.annotation.RequestMappingHandlerMapping -
                Mapped "{[/user/index],methods=[GET]}" onto public java.lang.String com.yc.carmall.controller.UserController.index(org.springframework.ui.ModelMap)
2018-07-20 23:43:04.745 [main] INFO  org.springframework.web.servlet.mvc.method.annotation.RequestMappingHandlerMapping -
                Mapped "{[/user/test],methods=[GET]}" onto public java.lang.String com.yc.carmall.controller.UserController.test()
2018-07-20 23:43:04.745 [main] INFO  org.springframework.web.servlet.mvc.method.annotation.RequestMappingHandlerMapping -
                Mapped "{[/user/signin],methods=[GET]}" onto public java.lang.String com.yc.carmall.controller.UserController.signin(org.springframework.ui.ModelMap)
2018-07-20 23:43:04.746 [main] INFO  org.springframework.web.servlet.mvc.method.annotation.RequestMappingHandlerMapping -
                Mapped "{[/user/signin],methods=[POST]}" onto public java.lang.String com.yc.carmall.controller.UserController.signin(java.lang.String,java.lang.String,org.springframework.ui.ModelMap)
2018-07-20 23:43:04.746 [main] INFO  org.springframework.web.servlet.mvc.method.annotation.RequestMappingHandlerMapping -
                Mapped "{[/user/signup],methods=[POST]}" onto public java.lang.String com.yc.carmall.controller.UserController.signup(java.lang.String,java.lang.String,java.lang.String,org.springframework.ui.ModelMap)
2018-07-20 23:43:04.746 [main] INFO  org.springframework.web.servlet.mvc.method.annotation.RequestMappingHandlerMapping -
                Mapped "{[/user/signup],methods=[GET]}" onto public java.lang.String com.yc.carmall.controller.UserController.signup()
2018-07-20 23:43:04.746 [main] INFO  org.springframework.web.servlet.mvc.method.annotation.RequestMappingHandlerMapping -
                Mapped "{[/user/checkusername],methods=[GET]}" onto public boolean com.yc.carmall.controller.UserController.checkUsername(java.lang.String)
2018-07-20 23:43:04.749 [main] INFO  org.springframework.web.servlet.mvc.method.annotation.RequestMappingHandlerMapping -
                Mapped "{[/error]}" onto public org.springframework.http.ResponseEntity<java.util.Map<java.lang.String, java.lang.Object>> org.springframework.boot.autoconfigure.web.servlet.error.BasicErrorController.error(javax.servlet.http.HttpServletRequest)
2018-07-20 23:43:04.750 [main] INFO  org.springframework.web.servlet.mvc.method.annotation.RequestMappingHandlerMapping -
                Mapped "{[/error],produces=[text/html]}" onto public org.springframework.web.servlet.ModelAndView org.springframework.boot.autoconfigure.web.servlet.error.BasicErrorController.errorHtml(javax.servlet.http.HttpServletRequest,javax.servlet.http.HttpServletResponse)
2018-07-20 23:43:04.782 [main] INFO  org.springframework.web.servlet.handler.SimpleUrlHandlerMapping -
                Mapped URL path [/webjars/**] onto handler of type [class org.springframework.web.servlet.resource.ResourceHttpRequestHandler]
2018-07-20 23:43:04.782 [main] INFO  org.springframework.web.servlet.handler.SimpleUrlHandlerMapping -
                Mapped URL path [/**] onto handler of type [class org.springframework.web.servlet.resource.ResourceHttpRequestHandler]
2018-07-20 23:43:04.948 [main] INFO  org.springframework.boot.autoconfigure.web.servlet.WelcomePageHandlerMapping -
                Adding welcome page template: index
2018-07-20 23:43:05.607 [main] INFO  org.springframework.jmx.export.annotation.AnnotationMBeanExporter -
                Registering beans for JMX exposure on startup
2018-07-20 23:43:05.608 [main] INFO  org.springframework.jmx.export.annotation.AnnotationMBeanExporter -
                Bean with name 'dataSource' has been autodetected for JMX exposure
2018-07-20 23:43:05.615 [main] INFO  org.springframework.jmx.export.annotation.AnnotationMBeanExporter -
                Located MBean 'dataSource': registering with JMX server as MBean [com.zaxxer.hikari:name=dataSource,type=HikariDataSource]
2018-07-20 23:43:05.627 [main] INFO  org.apache.coyote.http11.Http11NioProtocol -
                Starting ProtocolHandler ["http-nio-8080"]
2018-07-20 23:43:05.638 [main] INFO  org.apache.tomcat.util.net.NioSelectorPool -
                Using a shared selector for servlet write/read
2018-07-20 23:43:05.654 [main] INFO  org.springframework.boot.web.embedded.tomcat.TomcatWebServer -
                Tomcat started on port(s): 8080 (http) with context path ''
2018-07-20 23:43:05.658 [main] INFO  com.yc.carmall.Application -
                Started Application in 6.165 seconds (JVM running for 7.132)
2018-07-20 23:43:13.960 [http-nio-8080-exec-2] INFO  org.apache.catalina.core.ContainerBase.[Tomcat].[localhost].[/] -
                Initializing Spring FrameworkServlet 'dispatcherServlet'
2018-07-20 23:43:13.961 [http-nio-8080-exec-2] INFO  org.springframework.web.servlet.DispatcherServlet -
                FrameworkServlet 'dispatcherServlet': initialization started
2018-07-20 23:43:13.983 [http-nio-8080-exec-2] INFO  org.springframework.web.servlet.DispatcherServlet -
                FrameworkServlet 'dispatcherServlet': initialization completed in 22 ms
