2018-07-13 16:08:21.506 [main] INFO  com.yc.carmall.Application -
                Starting Application on HP with PID 12108 (D:\idea-workspaces\carmall\carmall-admin-web\target\classes started by yuechang in D:\idea-workspaces\carmall)
2018-07-13 16:08:21.516 [main] INFO  com.yc.carmall.Application -
                The following profiles are active: dev
2018-07-13 16:08:21.679 [main] INFO  org.springframework.boot.web.servlet.context.AnnotationConfigServletWebServerApplicationContext -
                Refreshing org.springframework.boot.web.servlet.context.AnnotationConfigServletWebServerApplicationContext@3e14c16d: startup date [Fri Jul 13 16:08:21 CST 2018]; root of context hierarchy
2018-07-13 16:08:24.765 [main] INFO  org.springframework.data.repository.config.RepositoryConfigurationDelegate -
                Multiple Spring Data modules found, entering strict repository configuration mode!
2018-07-13 16:08:24.860 [main] INFO  org.springframework.data.repository.config.RepositoryConfigurationDelegate -
                Multiple Spring Data modules found, entering strict repository configuration mode!
2018-07-13 16:08:24.885 [main] INFO  org.springframework.data.repository.config.RepositoryConfigurationExtensionSupport -
                Spring Data Redis - Could not safely identify store assignment for repository candidate interface com.yc.carmall.repository.CarEntityRepository.
2018-07-13 16:08:45.432 [main] INFO  org.springframework.context.support.PostProcessorRegistrationDelegate$BeanPostProcessorChecker -
                Bean 'org.springframework.transaction.annotation.ProxyTransactionManagementConfiguration' of type [org.springframework.transaction.annotation.ProxyTransactionManagementConfiguration$$EnhancerBySpringCGLIB$$1a45d638] is not eligible for getting processed by all BeanPostProcessors (for example: not eligible for auto-proxying)
2018-07-13 16:08:54.939 [main] INFO  org.springframework.boot.web.embedded.tomcat.TomcatWebServer -
                Tomcat initialized with port(s): 8080 (http)
2018-07-13 16:08:55.129 [main] INFO  org.apache.coyote.http11.Http11NioProtocol -
                Initializing ProtocolHandler ["http-nio-8080"]
2018-07-13 16:08:55.156 [main] INFO  org.apache.catalina.core.StandardService -
                Starting service [Tomcat]
2018-07-13 16:08:55.156 [main] INFO  org.apache.catalina.core.StandardEngine -
                Starting Servlet Engine: Apache Tomcat/8.5.31
2018-07-13 16:08:55.202 [localhost-startStop-1] INFO  org.apache.catalina.core.AprLifecycleListener -
                The APR based Apache Tomcat Native library which allows optimal performance in production environments was not found on the java.library.path: [C:\Program Files\Java\jdk1.8.0_171\bin;C:\Windows\Sun\Java\bin;C:\Windows\system32;C:\Windows;C:\Program Files (x86)\Common Files\Oracle\Java\javapath;C:\Program Files\python\Scripts\;C:\Program Files\python\;C:\Program Files\Java\jdk1.8.0_171\bin;C:\Program Files\Java\jdk1.8.0_171\jre\bin;D:\ljj\apache-maven-3.3.9\apache-maven-3.3.9\bin;C:\Program Files (x86)\Intel\iCLS Client\;C:\Program Files\Intel\iCLS Client\;C:\Windows\system32;C:\Windows;C:\Windows\System32\Wbem;C:\Windows\System32\WindowsPowerShell\v1.0\;C:\Program Files (x86)\Intel\Intel(R) Management Engine Components\DAL;C:\Program Files\Intel\Intel(R) Management Engine Components\DAL;C:\Program Files (x86)\Intel\Intel(R) Management Engine Components\IPT;C:\Program Files\Intel\Intel(R) Management Engine Components\IPT;C:\Program Files\Java\jdk1.8.0_171\bin;C:\Program Files\Java\jdk1.8.0_171\jre\bin;C:\Program Files\TortoiseGit\bin;%MAVEN_HOME%\bin;D:\toolsInstall\svn\bin ;D:\toolsInstall\zookeeper\zookeeper-3.4.10/bin; D:\toolsInstall\zookeeper\zookeeper-3.4.10/conf;C:\Program Files\node\;.]
2018-07-13 16:08:55.459 [localhost-startStop-1] INFO  org.apache.catalina.core.ContainerBase.[Tomcat].[localhost].[/] -
                Initializing Spring embedded WebApplicationContext
2018-07-13 16:08:55.459 [localhost-startStop-1] INFO  org.springframework.web.context.ContextLoader -
                Root WebApplicationContext: initialization completed in 33780 ms
2018-07-13 16:08:55.650 [localhost-startStop-1] INFO  org.springframework.boot.web.servlet.ServletRegistrationBean -
                Servlet dispatcherServlet mapped to [/]
2018-07-13 16:08:55.656 [localhost-startStop-1] INFO  org.springframework.boot.web.servlet.FilterRegistrationBean -
                Mapping filter: 'characterEncodingFilter' to: [/*]
2018-07-13 16:08:55.657 [localhost-startStop-1] INFO  org.springframework.boot.web.servlet.FilterRegistrationBean -
                Mapping filter: 'hiddenHttpMethodFilter' to: [/*]
2018-07-13 16:08:55.657 [localhost-startStop-1] INFO  org.springframework.boot.web.servlet.FilterRegistrationBean -
                Mapping filter: 'httpPutFormContentFilter' to: [/*]
2018-07-13 16:08:55.657 [localhost-startStop-1] INFO  org.springframework.boot.web.servlet.FilterRegistrationBean -
                Mapping filter: 'requestContextFilter' to: [/*]
2018-07-13 16:08:56.553 [main] INFO  com.zaxxer.hikari.HikariDataSource -
                HikariPool-1 - Starting...
2018-07-13 16:08:57.876 [main] INFO  com.zaxxer.hikari.HikariDataSource -
                HikariPool-1 - Start completed.
2018-07-13 16:08:58.053 [main] INFO  org.springframework.orm.jpa.LocalContainerEntityManagerFactoryBean -
                Building JPA container EntityManagerFactory for persistence unit 'default'
2018-07-13 16:08:58.256 [main] INFO  org.hibernate.jpa.internal.util.LogHelper -
                HHH000204: Processing PersistenceUnitInfo [
	name: default
	...]
2018-07-13 16:08:59.379 [main] INFO  org.hibernate.Version -
                HHH000412: Hibernate Core {5.2.17.Final}
2018-07-13 16:08:59.404 [main] INFO  org.hibernate.cfg.Environment -
                HHH000206: hibernate.properties not found
2018-07-13 16:09:00.255 [main] INFO  org.hibernate.annotations.common.Version -
                HCANN000001: Hibernate Commons Annotations {5.0.1.Final}
2018-07-13 16:09:02.261 [main] INFO  org.hibernate.dialect.Dialect -
                HHH000400: Using dialect: org.hibernate.dialect.MySQL5InnoDBDialect
2018-07-13 16:09:04.111 [main] INFO  org.springframework.orm.jpa.LocalContainerEntityManagerFactoryBean -
                Initialized JPA EntityManagerFactory for persistence unit 'default'
2018-07-13 16:09:05.678 [main] INFO  org.hibernate.hql.internal.QueryTranslatorFactoryInitiator -
                HHH000397: Using ASTQueryTranslatorFactory
2018-07-13 16:09:06.006 [main] INFO  org.springframework.web.servlet.handler.SimpleUrlHandlerMapping -
                Mapped URL path [/**/favicon.ico] onto handler of type [class org.springframework.web.servlet.resource.ResourceHttpRequestHandler]
2018-07-13 16:09:06.386 [main] INFO  org.springframework.web.servlet.mvc.method.annotation.RequestMappingHandlerAdapter -
                Looking for @ControllerAdvice: org.springframework.boot.web.servlet.context.AnnotationConfigServletWebServerApplicationContext@3e14c16d: startup date [Fri Jul 13 16:08:21 CST 2018]; root of context hierarchy
2018-07-13 16:09:06.470 [main] INFO  org.springframework.web.servlet.mvc.method.annotation.RequestMappingHandlerMapping -
                Mapped "{[/]}" onto public java.lang.String com.yc.carmall.controller.CarController.index(org.springframework.ui.ModelMap)
2018-07-13 16:09:06.471 [main] INFO  org.springframework.web.servlet.mvc.method.annotation.RequestMappingHandlerMapping -
                Mapped "{[/updateCarEntityStatus],methods=[GET]}" onto public java.lang.String com.yc.carmall.controller.CarController.updateCarEntityStatus(java.lang.String,int)
2018-07-13 16:09:06.471 [main] INFO  org.springframework.web.servlet.mvc.method.annotation.RequestMappingHandlerMapping -
                Mapped "{[/addCarEntity],methods=[POST]}" onto public java.lang.String com.yc.carmall.controller.CarController.addCarEntity(com.yc.carmall.entity.CarEntity)
2018-07-13 16:09:06.472 [main] INFO  org.springframework.web.servlet.mvc.method.annotation.RequestMappingHandlerMapping -
                Mapped "{[/helloWorld]}" onto public java.lang.String com.yc.carmall.controller.CarController.helloWorld()
2018-07-13 16:09:06.473 [main] INFO  org.springframework.web.servlet.mvc.method.annotation.RequestMappingHandlerMapping -
                Mapped "{[/error]}" onto public org.springframework.http.ResponseEntity<java.util.Map<java.lang.String, java.lang.Object>> org.springframework.boot.autoconfigure.web.servlet.error.BasicErrorController.error(javax.servlet.http.HttpServletRequest)
2018-07-13 16:09:06.474 [main] INFO  org.springframework.web.servlet.mvc.method.annotation.RequestMappingHandlerMapping -
                Mapped "{[/error],produces=[text/html]}" onto public org.springframework.web.servlet.ModelAndView org.springframework.boot.autoconfigure.web.servlet.error.BasicErrorController.errorHtml(javax.servlet.http.HttpServletRequest,javax.servlet.http.HttpServletResponse)
2018-07-13 16:09:06.504 [main] INFO  org.springframework.web.servlet.handler.SimpleUrlHandlerMapping -
                Mapped URL path [/webjars/**] onto handler of type [class org.springframework.web.servlet.resource.ResourceHttpRequestHandler]
2018-07-13 16:09:06.504 [main] INFO  org.springframework.web.servlet.handler.SimpleUrlHandlerMapping -
                Mapped URL path [/**] onto handler of type [class org.springframework.web.servlet.resource.ResourceHttpRequestHandler]
2018-07-13 16:09:06.619 [main] INFO  org.springframework.boot.autoconfigure.web.servlet.WelcomePageHandlerMapping -
                Adding welcome page template: index
2018-07-13 16:09:07.603 [main] INFO  org.springframework.jmx.export.annotation.AnnotationMBeanExporter -
                Registering beans for JMX exposure on startup
2018-07-13 16:09:07.604 [main] INFO  org.springframework.jmx.export.annotation.AnnotationMBeanExporter -
                Bean with name 'dataSource' has been autodetected for JMX exposure
2018-07-13 16:09:07.610 [main] INFO  org.springframework.jmx.export.annotation.AnnotationMBeanExporter -
                Located MBean 'dataSource': registering with JMX server as MBean [com.zaxxer.hikari:name=dataSource,type=HikariDataSource]
2018-07-13 16:09:07.637 [main] INFO  org.apache.coyote.http11.Http11NioProtocol -
                Starting ProtocolHandler ["http-nio-8080"]
2018-07-13 16:09:07.657 [main] INFO  org.apache.coyote.http11.Http11NioProtocol -
                Pausing ProtocolHandler ["http-nio-8080"]
2018-07-13 16:09:07.657 [main] INFO  org.apache.catalina.core.StandardService -
                Stopping service [Tomcat]
2018-07-13 16:09:07.666 [main] INFO  org.apache.catalina.util.LifecycleBase -
                The stop() method was called on component [StandardServer[-1]] after stop() had already been called. The second call will be ignored.
2018-07-13 16:09:07.666 [main] INFO  org.apache.coyote.http11.Http11NioProtocol -
                Stopping ProtocolHandler ["http-nio-8080"]
2018-07-13 16:09:07.666 [main] INFO  org.apache.coyote.http11.Http11NioProtocol -
                Destroying ProtocolHandler ["http-nio-8080"]
2018-07-13 16:09:07.669 [main] INFO  org.springframework.boot.autoconfigure.logging.ConditionEvaluationReportLoggingListener -
                

Error starting ApplicationContext. To display the conditions report re-run your application with 'debug' enabled.
2018-07-13 16:09:07.675 [main] INFO  org.springframework.boot.web.servlet.context.AnnotationConfigServletWebServerApplicationContext -
                Closing org.springframework.boot.web.servlet.context.AnnotationConfigServletWebServerApplicationContext@3e14c16d: startup date [Fri Jul 13 16:08:21 CST 2018]; root of context hierarchy
2018-07-13 16:09:07.692 [main] INFO  org.springframework.jmx.export.annotation.AnnotationMBeanExporter -
                Unregistering JMX-exposed beans on shutdown
2018-07-13 16:09:07.693 [main] INFO  org.springframework.jmx.export.annotation.AnnotationMBeanExporter -
                Unregistering JMX-exposed beans
2018-07-13 16:09:07.693 [main] INFO  org.springframework.orm.jpa.LocalContainerEntityManagerFactoryBean -
                Closing JPA EntityManagerFactory for persistence unit 'default'
2018-07-13 16:09:07.694 [main] INFO  com.zaxxer.hikari.HikariDataSource -
                HikariPool-1 - Shutdown initiated...
2018-07-13 16:09:07.697 [main] INFO  com.zaxxer.hikari.HikariDataSource -
                HikariPool-1 - Shutdown completed.
2018-07-13 16:10:27.855 [main] INFO  com.yc.carmall.Application -
                Starting Application on HP with PID 28040 (D:\idea-workspaces\carmall\carmall-admin-web\target\classes started by yuechang in D:\idea-workspaces\carmall)
2018-07-13 16:10:27.858 [main] INFO  com.yc.carmall.Application -
                The following profiles are active: dev
2018-07-13 16:10:27.934 [main] INFO  org.springframework.boot.web.servlet.context.AnnotationConfigServletWebServerApplicationContext -
                Refreshing org.springframework.boot.web.servlet.context.AnnotationConfigServletWebServerApplicationContext@7e22550a: startup date [Fri Jul 13 16:10:27 CST 2018]; root of context hierarchy
2018-07-13 16:10:28.541 [main] INFO  org.springframework.data.repository.config.RepositoryConfigurationDelegate -
                Multiple Spring Data modules found, entering strict repository configuration mode!
2018-07-13 16:10:28.596 [main] INFO  org.springframework.data.repository.config.RepositoryConfigurationDelegate -
                Multiple Spring Data modules found, entering strict repository configuration mode!
2018-07-13 16:10:28.612 [main] INFO  org.springframework.data.repository.config.RepositoryConfigurationExtensionSupport -
                Spring Data Redis - Could not safely identify store assignment for repository candidate interface com.yc.carmall.repository.CarEntityRepository.
2018-07-13 16:10:29.078 [main] INFO  org.springframework.context.support.PostProcessorRegistrationDelegate$BeanPostProcessorChecker -
                Bean 'org.springframework.transaction.annotation.ProxyTransactionManagementConfiguration' of type [org.springframework.transaction.annotation.ProxyTransactionManagementConfiguration$$EnhancerBySpringCGLIB$$b9d6c843] is not eligible for getting processed by all BeanPostProcessors (for example: not eligible for auto-proxying)
2018-07-13 16:10:29.379 [main] INFO  org.springframework.boot.web.embedded.tomcat.TomcatWebServer -
                Tomcat initialized with port(s): 8080 (http)
2018-07-13 16:10:29.398 [main] INFO  org.apache.coyote.http11.Http11NioProtocol -
                Initializing ProtocolHandler ["http-nio-8080"]
2018-07-13 16:10:29.410 [main] INFO  org.apache.catalina.core.StandardService -
                Starting service [Tomcat]
2018-07-13 16:10:29.410 [main] INFO  org.apache.catalina.core.StandardEngine -
                Starting Servlet Engine: Apache Tomcat/8.5.31
2018-07-13 16:10:29.416 [localhost-startStop-1] INFO  org.apache.catalina.core.AprLifecycleListener -
                The APR based Apache Tomcat Native library which allows optimal performance in production environments was not found on the java.library.path: [C:\Program Files\Java\jdk1.8.0_171\bin;C:\Windows\Sun\Java\bin;C:\Windows\system32;C:\Windows;C:\Program Files (x86)\Common Files\Oracle\Java\javapath;C:\Program Files\python\Scripts\;C:\Program Files\python\;C:\Program Files\Java\jdk1.8.0_171\bin;C:\Program Files\Java\jdk1.8.0_171\jre\bin;D:\ljj\apache-maven-3.3.9\apache-maven-3.3.9\bin;C:\Program Files (x86)\Intel\iCLS Client\;C:\Program Files\Intel\iCLS Client\;C:\Windows\system32;C:\Windows;C:\Windows\System32\Wbem;C:\Windows\System32\WindowsPowerShell\v1.0\;C:\Program Files (x86)\Intel\Intel(R) Management Engine Components\DAL;C:\Program Files\Intel\Intel(R) Management Engine Components\DAL;C:\Program Files (x86)\Intel\Intel(R) Management Engine Components\IPT;C:\Program Files\Intel\Intel(R) Management Engine Components\IPT;C:\Program Files\Java\jdk1.8.0_171\bin;C:\Program Files\Java\jdk1.8.0_171\jre\bin;C:\Program Files\TortoiseGit\bin;%MAVEN_HOME%\bin;D:\toolsInstall\svn\bin ;D:\toolsInstall\zookeeper\zookeeper-3.4.10/bin; D:\toolsInstall\zookeeper\zookeeper-3.4.10/conf;C:\Program Files\node\;.]
2018-07-13 16:10:29.533 [localhost-startStop-1] INFO  org.apache.catalina.core.ContainerBase.[Tomcat].[localhost].[/] -
                Initializing Spring embedded WebApplicationContext
2018-07-13 16:10:29.533 [localhost-startStop-1] INFO  org.springframework.web.context.ContextLoader -
                Root WebApplicationContext: initialization completed in 1600 ms
2018-07-13 16:10:29.678 [localhost-startStop-1] INFO  org.springframework.boot.web.servlet.ServletRegistrationBean -
                Servlet dispatcherServlet mapped to [/]
2018-07-13 16:10:29.682 [localhost-startStop-1] INFO  org.springframework.boot.web.servlet.FilterRegistrationBean -
                Mapping filter: 'characterEncodingFilter' to: [/*]
2018-07-13 16:10:29.682 [localhost-startStop-1] INFO  org.springframework.boot.web.servlet.FilterRegistrationBean -
                Mapping filter: 'hiddenHttpMethodFilter' to: [/*]
2018-07-13 16:10:29.683 [localhost-startStop-1] INFO  org.springframework.boot.web.servlet.FilterRegistrationBean -
                Mapping filter: 'httpPutFormContentFilter' to: [/*]
2018-07-13 16:10:29.683 [localhost-startStop-1] INFO  org.springframework.boot.web.servlet.FilterRegistrationBean -
                Mapping filter: 'requestContextFilter' to: [/*]
2018-07-13 16:10:29.855 [main] INFO  com.zaxxer.hikari.HikariDataSource -
                HikariPool-1 - Starting...
2018-07-13 16:10:30.252 [main] INFO  com.zaxxer.hikari.HikariDataSource -
                HikariPool-1 - Start completed.
2018-07-13 16:10:30.291 [main] INFO  org.springframework.orm.jpa.LocalContainerEntityManagerFactoryBean -
                Building JPA container EntityManagerFactory for persistence unit 'default'
2018-07-13 16:10:30.303 [main] INFO  org.hibernate.jpa.internal.util.LogHelper -
                HHH000204: Processing PersistenceUnitInfo [
	name: default
	...]
2018-07-13 16:10:30.378 [main] INFO  org.hibernate.Version -
                HHH000412: Hibernate Core {5.2.17.Final}
2018-07-13 16:10:30.380 [main] INFO  org.hibernate.cfg.Environment -
                HHH000206: hibernate.properties not found
2018-07-13 16:10:30.420 [main] INFO  org.hibernate.annotations.common.Version -
                HCANN000001: Hibernate Commons Annotations {5.0.1.Final}
2018-07-13 16:10:30.543 [main] INFO  org.hibernate.dialect.Dialect -
                HHH000400: Using dialect: org.hibernate.dialect.MySQL5InnoDBDialect
2018-07-13 16:10:31.160 [main] INFO  org.springframework.orm.jpa.LocalContainerEntityManagerFactoryBean -
                Initialized JPA EntityManagerFactory for persistence unit 'default'
2018-07-13 16:10:31.462 [main] INFO  org.hibernate.hql.internal.QueryTranslatorFactoryInitiator -
                HHH000397: Using ASTQueryTranslatorFactory
2018-07-13 16:10:31.671 [main] INFO  org.springframework.web.servlet.handler.SimpleUrlHandlerMapping -
                Mapped URL path [/**/favicon.ico] onto handler of type [class org.springframework.web.servlet.resource.ResourceHttpRequestHandler]
2018-07-13 16:10:31.999 [main] INFO  org.springframework.web.servlet.mvc.method.annotation.RequestMappingHandlerAdapter -
                Looking for @ControllerAdvice: org.springframework.boot.web.servlet.context.AnnotationConfigServletWebServerApplicationContext@7e22550a: startup date [Fri Jul 13 16:10:27 CST 2018]; root of context hierarchy
2018-07-13 16:10:32.080 [main] INFO  org.springframework.web.servlet.mvc.method.annotation.RequestMappingHandlerMapping -
                Mapped "{[/]}" onto public java.lang.String com.yc.carmall.controller.CarController.index(org.springframework.ui.ModelMap)
2018-07-13 16:10:32.081 [main] INFO  org.springframework.web.servlet.mvc.method.annotation.RequestMappingHandlerMapping -
                Mapped "{[/updateCarEntityStatus],methods=[GET]}" onto public java.lang.String com.yc.carmall.controller.CarController.updateCarEntityStatus(java.lang.String,int)
2018-07-13 16:10:32.081 [main] INFO  org.springframework.web.servlet.mvc.method.annotation.RequestMappingHandlerMapping -
                Mapped "{[/addCarEntity],methods=[POST]}" onto public java.lang.String com.yc.carmall.controller.CarController.addCarEntity(com.yc.carmall.entity.CarEntity)
2018-07-13 16:10:32.081 [main] INFO  org.springframework.web.servlet.mvc.method.annotation.RequestMappingHandlerMapping -
                Mapped "{[/helloWorld]}" onto public java.lang.String com.yc.carmall.controller.CarController.helloWorld()
2018-07-13 16:10:32.084 [main] INFO  org.springframework.web.servlet.mvc.method.annotation.RequestMappingHandlerMapping -
                Mapped "{[/error]}" onto public org.springframework.http.ResponseEntity<java.util.Map<java.lang.String, java.lang.Object>> org.springframework.boot.autoconfigure.web.servlet.error.BasicErrorController.error(javax.servlet.http.HttpServletRequest)
2018-07-13 16:10:32.085 [main] INFO  org.springframework.web.servlet.mvc.method.annotation.RequestMappingHandlerMapping -
                Mapped "{[/error],produces=[text/html]}" onto public org.springframework.web.servlet.ModelAndView org.springframework.boot.autoconfigure.web.servlet.error.BasicErrorController.errorHtml(javax.servlet.http.HttpServletRequest,javax.servlet.http.HttpServletResponse)
2018-07-13 16:10:32.123 [main] INFO  org.springframework.web.servlet.handler.SimpleUrlHandlerMapping -
                Mapped URL path [/webjars/**] onto handler of type [class org.springframework.web.servlet.resource.ResourceHttpRequestHandler]
2018-07-13 16:10:32.123 [main] INFO  org.springframework.web.servlet.handler.SimpleUrlHandlerMapping -
                Mapped URL path [/**] onto handler of type [class org.springframework.web.servlet.resource.ResourceHttpRequestHandler]
2018-07-13 16:10:32.262 [main] INFO  org.springframework.boot.autoconfigure.web.servlet.WelcomePageHandlerMapping -
                Adding welcome page template: index
2018-07-13 16:10:32.882 [main] INFO  org.springframework.jmx.export.annotation.AnnotationMBeanExporter -
                Registering beans for JMX exposure on startup
2018-07-13 16:10:32.884 [main] INFO  org.springframework.jmx.export.annotation.AnnotationMBeanExporter -
                Bean with name 'dataSource' has been autodetected for JMX exposure
2018-07-13 16:10:32.891 [main] INFO  org.springframework.jmx.export.annotation.AnnotationMBeanExporter -
                Located MBean 'dataSource': registering with JMX server as MBean [com.zaxxer.hikari:name=dataSource,type=HikariDataSource]
2018-07-13 16:10:32.902 [main] INFO  org.apache.coyote.http11.Http11NioProtocol -
                Starting ProtocolHandler ["http-nio-8080"]
2018-07-13 16:10:32.912 [main] INFO  org.apache.coyote.http11.Http11NioProtocol -
                Pausing ProtocolHandler ["http-nio-8080"]
2018-07-13 16:10:32.912 [main] INFO  org.apache.catalina.core.StandardService -
                Stopping service [Tomcat]
2018-07-13 16:10:32.919 [main] INFO  org.apache.catalina.util.LifecycleBase -
                The stop() method was called on component [StandardServer[-1]] after stop() had already been called. The second call will be ignored.
2018-07-13 16:10:32.919 [main] INFO  org.apache.coyote.http11.Http11NioProtocol -
                Stopping ProtocolHandler ["http-nio-8080"]
2018-07-13 16:10:32.919 [main] INFO  org.apache.coyote.http11.Http11NioProtocol -
                Destroying ProtocolHandler ["http-nio-8080"]
2018-07-13 16:10:32.925 [main] INFO  org.springframework.boot.autoconfigure.logging.ConditionEvaluationReportLoggingListener -
                

Error starting ApplicationContext. To display the conditions report re-run your application with 'debug' enabled.
2018-07-13 16:10:32.930 [main] INFO  org.springframework.boot.web.servlet.context.AnnotationConfigServletWebServerApplicationContext -
                Closing org.springframework.boot.web.servlet.context.AnnotationConfigServletWebServerApplicationContext@7e22550a: startup date [Fri Jul 13 16:10:27 CST 2018]; root of context hierarchy
2018-07-13 16:10:32.943 [main] INFO  org.springframework.jmx.export.annotation.AnnotationMBeanExporter -
                Unregistering JMX-exposed beans on shutdown
2018-07-13 16:10:32.944 [main] INFO  org.springframework.jmx.export.annotation.AnnotationMBeanExporter -
                Unregistering JMX-exposed beans
2018-07-13 16:10:32.945 [main] INFO  org.springframework.orm.jpa.LocalContainerEntityManagerFactoryBean -
                Closing JPA EntityManagerFactory for persistence unit 'default'
2018-07-13 16:10:32.945 [main] INFO  com.zaxxer.hikari.HikariDataSource -
                HikariPool-1 - Shutdown initiated...
2018-07-13 16:10:32.948 [main] INFO  com.zaxxer.hikari.HikariDataSource -
                HikariPool-1 - Shutdown completed.
2018-07-13 16:12:05.120 [main] INFO  com.yc.carmall.Application -
                Starting Application on HP with PID 11100 (D:\idea-workspaces\carmall\carmall-admin-web\target\classes started by yuechang in D:\idea-workspaces\carmall)
2018-07-13 16:12:05.123 [main] INFO  com.yc.carmall.Application -
                The following profiles are active: dev
2018-07-13 16:12:05.216 [main] INFO  org.springframework.boot.web.servlet.context.AnnotationConfigServletWebServerApplicationContext -
                Refreshing org.springframework.boot.web.servlet.context.AnnotationConfigServletWebServerApplicationContext@46268f08: startup date [Fri Jul 13 16:12:05 CST 2018]; root of context hierarchy
2018-07-13 16:12:05.943 [main] INFO  org.springframework.data.repository.config.RepositoryConfigurationDelegate -
                Multiple Spring Data modules found, entering strict repository configuration mode!
2018-07-13 16:12:05.998 [main] INFO  org.springframework.data.repository.config.RepositoryConfigurationDelegate -
                Multiple Spring Data modules found, entering strict repository configuration mode!
2018-07-13 16:12:06.013 [main] INFO  org.springframework.data.repository.config.RepositoryConfigurationExtensionSupport -
                Spring Data Redis - Could not safely identify store assignment for repository candidate interface com.yc.carmall.repository.CarEntityRepository.
2018-07-13 16:12:06.409 [main] INFO  org.springframework.context.support.PostProcessorRegistrationDelegate$BeanPostProcessorChecker -
                Bean 'org.springframework.transaction.annotation.ProxyTransactionManagementConfiguration' of type [org.springframework.transaction.annotation.ProxyTransactionManagementConfiguration$$EnhancerBySpringCGLIB$$8b5b949e] is not eligible for getting processed by all BeanPostProcessors (for example: not eligible for auto-proxying)
2018-07-13 16:12:06.672 [main] INFO  org.springframework.boot.web.embedded.tomcat.TomcatWebServer -
                Tomcat initialized with port(s): 8080 (http)
2018-07-13 16:12:06.683 [main] INFO  org.apache.coyote.http11.Http11NioProtocol -
                Initializing ProtocolHandler ["http-nio-8080"]
2018-07-13 16:12:06.707 [main] INFO  org.apache.catalina.core.StandardService -
                Starting service [Tomcat]
2018-07-13 16:12:06.707 [main] INFO  org.apache.catalina.core.StandardEngine -
                Starting Servlet Engine: Apache Tomcat/8.5.31
2018-07-13 16:12:06.711 [localhost-startStop-1] INFO  org.apache.catalina.core.AprLifecycleListener -
                The APR based Apache Tomcat Native library which allows optimal performance in production environments was not found on the java.library.path: [C:\Program Files\Java\jdk1.8.0_171\bin;C:\Windows\Sun\Java\bin;C:\Windows\system32;C:\Windows;C:\Program Files (x86)\Common Files\Oracle\Java\javapath;C:\Program Files\python\Scripts\;C:\Program Files\python\;C:\Program Files\Java\jdk1.8.0_171\bin;C:\Program Files\Java\jdk1.8.0_171\jre\bin;D:\ljj\apache-maven-3.3.9\apache-maven-3.3.9\bin;C:\Program Files (x86)\Intel\iCLS Client\;C:\Program Files\Intel\iCLS Client\;C:\Windows\system32;C:\Windows;C:\Windows\System32\Wbem;C:\Windows\System32\WindowsPowerShell\v1.0\;C:\Program Files (x86)\Intel\Intel(R) Management Engine Components\DAL;C:\Program Files\Intel\Intel(R) Management Engine Components\DAL;C:\Program Files (x86)\Intel\Intel(R) Management Engine Components\IPT;C:\Program Files\Intel\Intel(R) Management Engine Components\IPT;C:\Program Files\Java\jdk1.8.0_171\bin;C:\Program Files\Java\jdk1.8.0_171\jre\bin;C:\Program Files\TortoiseGit\bin;%MAVEN_HOME%\bin;D:\toolsInstall\svn\bin ;D:\toolsInstall\zookeeper\zookeeper-3.4.10/bin; D:\toolsInstall\zookeeper\zookeeper-3.4.10/conf;C:\Program Files\node\;.]
2018-07-13 16:12:06.805 [localhost-startStop-1] INFO  org.apache.catalina.core.ContainerBase.[Tomcat].[localhost].[/] -
                Initializing Spring embedded WebApplicationContext
2018-07-13 16:12:06.805 [localhost-startStop-1] INFO  org.springframework.web.context.ContextLoader -
                Root WebApplicationContext: initialization completed in 1589 ms
2018-07-13 16:12:06.938 [localhost-startStop-1] INFO  org.springframework.boot.web.servlet.ServletRegistrationBean -
                Servlet dispatcherServlet mapped to [/]
2018-07-13 16:12:06.943 [localhost-startStop-1] INFO  org.springframework.boot.web.servlet.FilterRegistrationBean -
                Mapping filter: 'characterEncodingFilter' to: [/*]
2018-07-13 16:12:06.944 [localhost-startStop-1] INFO  org.springframework.boot.web.servlet.FilterRegistrationBean -
                Mapping filter: 'hiddenHttpMethodFilter' to: [/*]
2018-07-13 16:12:06.944 [localhost-startStop-1] INFO  org.springframework.boot.web.servlet.FilterRegistrationBean -
                Mapping filter: 'httpPutFormContentFilter' to: [/*]
2018-07-13 16:12:06.944 [localhost-startStop-1] INFO  org.springframework.boot.web.servlet.FilterRegistrationBean -
                Mapping filter: 'requestContextFilter' to: [/*]
2018-07-13 16:12:07.088 [main] INFO  com.zaxxer.hikari.HikariDataSource -
                HikariPool-1 - Starting...
2018-07-13 16:12:07.424 [main] INFO  com.zaxxer.hikari.HikariDataSource -
                HikariPool-1 - Start completed.
2018-07-13 16:12:07.464 [main] INFO  org.springframework.orm.jpa.LocalContainerEntityManagerFactoryBean -
                Building JPA container EntityManagerFactory for persistence unit 'default'
2018-07-13 16:12:07.478 [main] INFO  org.hibernate.jpa.internal.util.LogHelper -
                HHH000204: Processing PersistenceUnitInfo [
	name: default
	...]
2018-07-13 16:12:07.547 [main] INFO  org.hibernate.Version -
                HHH000412: Hibernate Core {5.2.17.Final}
2018-07-13 16:12:07.549 [main] INFO  org.hibernate.cfg.Environment -
                HHH000206: hibernate.properties not found
2018-07-13 16:12:07.594 [main] INFO  org.hibernate.annotations.common.Version -
                HCANN000001: Hibernate Commons Annotations {5.0.1.Final}
2018-07-13 16:12:07.744 [main] INFO  org.hibernate.dialect.Dialect -
                HHH000400: Using dialect: org.hibernate.dialect.MySQL5InnoDBDialect
2018-07-13 16:12:08.452 [main] INFO  org.springframework.orm.jpa.LocalContainerEntityManagerFactoryBean -
                Initialized JPA EntityManagerFactory for persistence unit 'default'
2018-07-13 16:12:08.774 [main] INFO  org.hibernate.hql.internal.QueryTranslatorFactoryInitiator -
                HHH000397: Using ASTQueryTranslatorFactory
2018-07-13 16:12:09.014 [main] INFO  org.springframework.web.servlet.handler.SimpleUrlHandlerMapping -
                Mapped URL path [/**/favicon.ico] onto handler of type [class org.springframework.web.servlet.resource.ResourceHttpRequestHandler]
2018-07-13 16:12:09.322 [main] INFO  org.springframework.web.servlet.mvc.method.annotation.RequestMappingHandlerAdapter -
                Looking for @ControllerAdvice: org.springframework.boot.web.servlet.context.AnnotationConfigServletWebServerApplicationContext@46268f08: startup date [Fri Jul 13 16:12:05 CST 2018]; root of context hierarchy
2018-07-13 16:12:09.403 [main] INFO  org.springframework.web.servlet.mvc.method.annotation.RequestMappingHandlerMapping -
                Mapped "{[/]}" onto public java.lang.String com.yc.carmall.controller.CarController.index(org.springframework.ui.ModelMap)
2018-07-13 16:12:09.404 [main] INFO  org.springframework.web.servlet.mvc.method.annotation.RequestMappingHandlerMapping -
                Mapped "{[/updateCarEntityStatus],methods=[GET]}" onto public java.lang.String com.yc.carmall.controller.CarController.updateCarEntityStatus(java.lang.String,int)
2018-07-13 16:12:09.404 [main] INFO  org.springframework.web.servlet.mvc.method.annotation.RequestMappingHandlerMapping -
                Mapped "{[/addCarEntity],methods=[POST]}" onto public java.lang.String com.yc.carmall.controller.CarController.addCarEntity(com.yc.carmall.entity.CarEntity)
2018-07-13 16:12:09.404 [main] INFO  org.springframework.web.servlet.mvc.method.annotation.RequestMappingHandlerMapping -
                Mapped "{[/helloWorld]}" onto public java.lang.String com.yc.carmall.controller.CarController.helloWorld()
2018-07-13 16:12:09.406 [main] INFO  org.springframework.web.servlet.mvc.method.annotation.RequestMappingHandlerMapping -
                Mapped "{[/error]}" onto public org.springframework.http.ResponseEntity<java.util.Map<java.lang.String, java.lang.Object>> org.springframework.boot.autoconfigure.web.servlet.error.BasicErrorController.error(javax.servlet.http.HttpServletRequest)
2018-07-13 16:12:09.406 [main] INFO  org.springframework.web.servlet.mvc.method.annotation.RequestMappingHandlerMapping -
                Mapped "{[/error],produces=[text/html]}" onto public org.springframework.web.servlet.ModelAndView org.springframework.boot.autoconfigure.web.servlet.error.BasicErrorController.errorHtml(javax.servlet.http.HttpServletRequest,javax.servlet.http.HttpServletResponse)
2018-07-13 16:12:09.438 [main] INFO  org.springframework.web.servlet.handler.SimpleUrlHandlerMapping -
                Mapped URL path [/webjars/**] onto handler of type [class org.springframework.web.servlet.resource.ResourceHttpRequestHandler]
2018-07-13 16:12:09.438 [main] INFO  org.springframework.web.servlet.handler.SimpleUrlHandlerMapping -
                Mapped URL path [/**] onto handler of type [class org.springframework.web.servlet.resource.ResourceHttpRequestHandler]
2018-07-13 16:12:09.569 [main] INFO  org.springframework.boot.autoconfigure.web.servlet.WelcomePageHandlerMapping -
                Adding welcome page template: index
2018-07-13 16:12:10.191 [main] INFO  org.springframework.jmx.export.annotation.AnnotationMBeanExporter -
                Registering beans for JMX exposure on startup
2018-07-13 16:12:10.192 [main] INFO  org.springframework.jmx.export.annotation.AnnotationMBeanExporter -
                Bean with name 'dataSource' has been autodetected for JMX exposure
2018-07-13 16:12:10.198 [main] INFO  org.springframework.jmx.export.annotation.AnnotationMBeanExporter -
                Located MBean 'dataSource': registering with JMX server as MBean [com.zaxxer.hikari:name=dataSource,type=HikariDataSource]
2018-07-13 16:12:10.212 [main] INFO  org.apache.coyote.http11.Http11NioProtocol -
                Starting ProtocolHandler ["http-nio-8080"]
2018-07-13 16:12:10.222 [main] INFO  org.apache.tomcat.util.net.NioSelectorPool -
                Using a shared selector for servlet write/read
2018-07-13 16:12:11.597 [main] INFO  org.springframework.boot.web.embedded.tomcat.TomcatWebServer -
                Tomcat started on port(s): 8080 (http) with context path ''
2018-07-13 16:12:11.627 [main] INFO  com.yc.carmall.Application -
                Started Application in 7.336 seconds (JVM running for 8.292)
2018-07-13 16:12:47.827 [http-nio-8080-exec-1] INFO  org.apache.catalina.core.ContainerBase.[Tomcat].[localhost].[/] -
                Initializing Spring FrameworkServlet 'dispatcherServlet'
2018-07-13 16:12:47.827 [http-nio-8080-exec-1] INFO  org.springframework.web.servlet.DispatcherServlet -
                FrameworkServlet 'dispatcherServlet': initialization started
2018-07-13 16:12:47.860 [http-nio-8080-exec-1] INFO  org.springframework.web.servlet.DispatcherServlet -
                FrameworkServlet 'dispatcherServlet': initialization completed in 33 ms
2018-07-13 16:15:18.275 [main] INFO  com.yc.carmall.Application -
                Starting Application on HP with PID 14224 (D:\idea-workspaces\carmall\carmall-admin-web\target\classes started by yuechang in D:\idea-workspaces\carmall)
2018-07-13 16:15:18.284 [main] INFO  com.yc.carmall.Application -
                The following profiles are active: dev
2018-07-13 16:15:18.331 [main] INFO  org.springframework.boot.web.servlet.context.AnnotationConfigServletWebServerApplicationContext -
                Refreshing org.springframework.boot.web.servlet.context.AnnotationConfigServletWebServerApplicationContext@79351f41: startup date [Fri Jul 13 16:15:18 CST 2018]; root of context hierarchy
2018-07-13 16:15:19.048 [main] INFO  org.springframework.data.repository.config.RepositoryConfigurationDelegate -
                Multiple Spring Data modules found, entering strict repository configuration mode!
2018-07-13 16:15:19.106 [main] INFO  org.springframework.data.repository.config.RepositoryConfigurationDelegate -
                Multiple Spring Data modules found, entering strict repository configuration mode!
2018-07-13 16:15:19.122 [main] INFO  org.springframework.data.repository.config.RepositoryConfigurationExtensionSupport -
                Spring Data Redis - Could not safely identify store assignment for repository candidate interface com.yc.carmall.repository.CarEntityRepository.
2018-07-13 16:15:19.494 [main] INFO  org.springframework.context.support.PostProcessorRegistrationDelegate$BeanPostProcessorChecker -
                Bean 'org.springframework.transaction.annotation.ProxyTransactionManagementConfiguration' of type [org.springframework.transaction.annotation.ProxyTransactionManagementConfiguration$$EnhancerBySpringCGLIB$$9561d5cb] is not eligible for getting processed by all BeanPostProcessors (for example: not eligible for auto-proxying)
2018-07-13 16:15:19.826 [main] INFO  org.springframework.boot.web.embedded.tomcat.TomcatWebServer -
                Tomcat initialized with port(s): 8080 (http)
2018-07-13 16:15:19.841 [main] INFO  org.apache.coyote.http11.Http11NioProtocol -
                Initializing ProtocolHandler ["http-nio-8080"]
2018-07-13 16:15:19.867 [main] INFO  org.apache.catalina.core.StandardService -
                Starting service [Tomcat]
2018-07-13 16:15:19.868 [main] INFO  org.apache.catalina.core.StandardEngine -
                Starting Servlet Engine: Apache Tomcat/8.5.31
2018-07-13 16:15:19.872 [localhost-startStop-1] INFO  org.apache.catalina.core.AprLifecycleListener -
                The APR based Apache Tomcat Native library which allows optimal performance in production environments was not found on the java.library.path: [C:\Program Files\Java\jdk1.8.0_171\bin;C:\Windows\Sun\Java\bin;C:\Windows\system32;C:\Windows;C:\Program Files (x86)\Common Files\Oracle\Java\javapath;C:\Program Files\python\Scripts\;C:\Program Files\python\;C:\Program Files\Java\jdk1.8.0_171\bin;C:\Program Files\Java\jdk1.8.0_171\jre\bin;D:\ljj\apache-maven-3.3.9\apache-maven-3.3.9\bin;C:\Program Files (x86)\Intel\iCLS Client\;C:\Program Files\Intel\iCLS Client\;C:\Windows\system32;C:\Windows;C:\Windows\System32\Wbem;C:\Windows\System32\WindowsPowerShell\v1.0\;C:\Program Files (x86)\Intel\Intel(R) Management Engine Components\DAL;C:\Program Files\Intel\Intel(R) Management Engine Components\DAL;C:\Program Files (x86)\Intel\Intel(R) Management Engine Components\IPT;C:\Program Files\Intel\Intel(R) Management Engine Components\IPT;C:\Program Files\Java\jdk1.8.0_171\bin;C:\Program Files\Java\jdk1.8.0_171\jre\bin;C:\Program Files\TortoiseGit\bin;%MAVEN_HOME%\bin;D:\toolsInstall\svn\bin ;D:\toolsInstall\zookeeper\zookeeper-3.4.10/bin; D:\toolsInstall\zookeeper\zookeeper-3.4.10/conf;C:\Program Files\node\;.]
2018-07-13 16:15:19.963 [localhost-startStop-1] INFO  org.apache.catalina.core.ContainerBase.[Tomcat].[localhost].[/] -
                Initializing Spring embedded WebApplicationContext
2018-07-13 16:15:19.964 [localhost-startStop-1] INFO  org.springframework.web.context.ContextLoader -
                Root WebApplicationContext: initialization completed in 1633 ms
2018-07-13 16:15:20.111 [localhost-startStop-1] INFO  org.springframework.boot.web.servlet.ServletRegistrationBean -
                Servlet dispatcherServlet mapped to [/]
2018-07-13 16:15:20.116 [localhost-startStop-1] INFO  org.springframework.boot.web.servlet.FilterRegistrationBean -
                Mapping filter: 'characterEncodingFilter' to: [/*]
2018-07-13 16:15:20.116 [localhost-startStop-1] INFO  org.springframework.boot.web.servlet.FilterRegistrationBean -
                Mapping filter: 'hiddenHttpMethodFilter' to: [/*]
2018-07-13 16:15:20.116 [localhost-startStop-1] INFO  org.springframework.boot.web.servlet.FilterRegistrationBean -
                Mapping filter: 'httpPutFormContentFilter' to: [/*]
2018-07-13 16:15:20.116 [localhost-startStop-1] INFO  org.springframework.boot.web.servlet.FilterRegistrationBean -
                Mapping filter: 'requestContextFilter' to: [/*]
2018-07-13 16:15:20.289 [main] INFO  com.zaxxer.hikari.HikariDataSource -
                HikariPool-1 - Starting...
2018-07-13 16:15:20.676 [main] INFO  com.zaxxer.hikari.HikariDataSource -
                HikariPool-1 - Start completed.
2018-07-13 16:15:20.714 [main] INFO  org.springframework.orm.jpa.LocalContainerEntityManagerFactoryBean -
                Building JPA container EntityManagerFactory for persistence unit 'default'
2018-07-13 16:15:20.728 [main] INFO  org.hibernate.jpa.internal.util.LogHelper -
                HHH000204: Processing PersistenceUnitInfo [
	name: default
	...]
2018-07-13 16:15:20.826 [main] INFO  org.hibernate.Version -
                HHH000412: Hibernate Core {5.2.17.Final}
2018-07-13 16:15:20.828 [main] INFO  org.hibernate.cfg.Environment -
                HHH000206: hibernate.properties not found
2018-07-13 16:15:20.873 [main] INFO  org.hibernate.annotations.common.Version -
                HCANN000001: Hibernate Commons Annotations {5.0.1.Final}
2018-07-13 16:15:21.042 [main] INFO  org.hibernate.dialect.Dialect -
                HHH000400: Using dialect: org.hibernate.dialect.MySQL5InnoDBDialect
2018-07-13 16:15:21.823 [main] INFO  org.springframework.orm.jpa.LocalContainerEntityManagerFactoryBean -
                Initialized JPA EntityManagerFactory for persistence unit 'default'
2018-07-13 16:15:22.143 [main] INFO  org.hibernate.hql.internal.QueryTranslatorFactoryInitiator -
                HHH000397: Using ASTQueryTranslatorFactory
2018-07-13 16:15:22.359 [main] INFO  org.springframework.web.servlet.handler.SimpleUrlHandlerMapping -
                Mapped URL path [/**/favicon.ico] onto handler of type [class org.springframework.web.servlet.resource.ResourceHttpRequestHandler]
2018-07-13 16:15:22.657 [main] INFO  org.springframework.web.servlet.mvc.method.annotation.RequestMappingHandlerAdapter -
                Looking for @ControllerAdvice: org.springframework.boot.web.servlet.context.AnnotationConfigServletWebServerApplicationContext@79351f41: startup date [Fri Jul 13 16:15:18 CST 2018]; root of context hierarchy
2018-07-13 16:15:22.723 [main] INFO  org.springframework.web.servlet.mvc.method.annotation.RequestMappingHandlerMapping -
                Mapped "{[/],methods=[GET]}" onto public java.lang.String com.yc.carmall.controller.CarController.index(org.springframework.ui.ModelMap)
2018-07-13 16:15:22.724 [main] INFO  org.springframework.web.servlet.mvc.method.annotation.RequestMappingHandlerMapping -
                Mapped "{[/addCarEntity],methods=[POST]}" onto public java.lang.String com.yc.carmall.controller.CarController.addCarEntity(com.yc.carmall.entity.CarEntity)
2018-07-13 16:15:22.724 [main] INFO  org.springframework.web.servlet.mvc.method.annotation.RequestMappingHandlerMapping -
                Mapped "{[/helloWorld]}" onto public java.lang.String com.yc.carmall.controller.CarController.helloWorld()
2018-07-13 16:15:22.725 [main] INFO  org.springframework.web.servlet.mvc.method.annotation.RequestMappingHandlerMapping -
                Mapped "{[/updateCarEntityStatus],methods=[GET]}" onto public java.lang.String com.yc.carmall.controller.CarController.updateCarEntityStatus(java.lang.String,int)
2018-07-13 16:15:22.726 [main] INFO  org.springframework.web.servlet.mvc.method.annotation.RequestMappingHandlerMapping -
                Mapped "{[/error]}" onto public org.springframework.http.ResponseEntity<java.util.Map<java.lang.String, java.lang.Object>> org.springframework.boot.autoconfigure.web.servlet.error.BasicErrorController.error(javax.servlet.http.HttpServletRequest)
2018-07-13 16:15:22.727 [main] INFO  org.springframework.web.servlet.mvc.method.annotation.RequestMappingHandlerMapping -
                Mapped "{[/error],produces=[text/html]}" onto public org.springframework.web.servlet.ModelAndView org.springframework.boot.autoconfigure.web.servlet.error.BasicErrorController.errorHtml(javax.servlet.http.HttpServletRequest,javax.servlet.http.HttpServletResponse)
2018-07-13 16:15:22.756 [main] INFO  org.springframework.web.servlet.handler.SimpleUrlHandlerMapping -
                Mapped URL path [/webjars/**] onto handler of type [class org.springframework.web.servlet.resource.ResourceHttpRequestHandler]
2018-07-13 16:15:22.757 [main] INFO  org.springframework.web.servlet.handler.SimpleUrlHandlerMapping -
                Mapped URL path [/**] onto handler of type [class org.springframework.web.servlet.resource.ResourceHttpRequestHandler]
2018-07-13 16:15:22.869 [main] INFO  org.springframework.boot.autoconfigure.web.servlet.WelcomePageHandlerMapping -
                Adding welcome page template: index
2018-07-13 16:15:23.441 [main] INFO  org.springframework.jmx.export.annotation.AnnotationMBeanExporter -
                Registering beans for JMX exposure on startup
2018-07-13 16:15:23.443 [main] INFO  org.springframework.jmx.export.annotation.AnnotationMBeanExporter -
                Bean with name 'dataSource' has been autodetected for JMX exposure
2018-07-13 16:15:23.450 [main] INFO  org.springframework.jmx.export.annotation.AnnotationMBeanExporter -
                Located MBean 'dataSource': registering with JMX server as MBean [com.zaxxer.hikari:name=dataSource,type=HikariDataSource]
2018-07-13 16:15:23.461 [main] INFO  org.apache.coyote.http11.Http11NioProtocol -
                Starting ProtocolHandler ["http-nio-8080"]
2018-07-13 16:15:23.472 [main] INFO  org.apache.tomcat.util.net.NioSelectorPool -
                Using a shared selector for servlet write/read
2018-07-13 16:15:23.486 [main] INFO  org.springframework.boot.web.embedded.tomcat.TomcatWebServer -
                Tomcat started on port(s): 8080 (http) with context path ''
2018-07-13 16:15:23.489 [main] INFO  com.yc.carmall.Application -
                Started Application in 5.929 seconds (JVM running for 6.706)
2018-07-13 16:15:33.276 [http-nio-8080-exec-1] INFO  org.apache.catalina.core.ContainerBase.[Tomcat].[localhost].[/] -
                Initializing Spring FrameworkServlet 'dispatcherServlet'
2018-07-13 16:15:33.277 [http-nio-8080-exec-1] INFO  org.springframework.web.servlet.DispatcherServlet -
                FrameworkServlet 'dispatcherServlet': initialization started
2018-07-13 16:15:33.305 [http-nio-8080-exec-1] INFO  org.springframework.web.servlet.DispatcherServlet -
                FrameworkServlet 'dispatcherServlet': initialization completed in 28 ms
